<?xml version="1.0" encoding="UTF-8"?>
<coverage generated="1753906662188" clover="3.2.0">
  <project timestamp="1753906662188" name="All files">
    <metrics statements="138" coveredstatements="137" conditionals="110" coveredconditionals="95" methods="35" coveredmethods="34" elements="283" coveredelements="266" complexity="0" loc="138" ncloc="138" packages="1" files="1" classes="1"/>
    <file name="checkStructure.js" path="D:\Users\finnm\OneDrive\Desktop\js-refactor-tool\features\checkStructure.js">
      <metrics statements="138" coveredstatements="137" conditionals="110" coveredconditionals="95" methods="35" coveredmethods="34"/>
      <line num="1" count="1" type="stmt"/>
      <line num="2" count="1" type="stmt"/>
      <line num="3" count="1" type="stmt"/>
      <line num="4" count="1" type="stmt"/>
      <line num="5" count="1" type="stmt"/>
      <line num="6" count="1" type="stmt"/>
      <line num="9" count="5" type="stmt"/>
      <line num="10" count="5" type="cond" truecount="2" falsecount="0"/>
      <line num="12" count="4" type="stmt"/>
      <line num="13" count="4" type="stmt"/>
      <line num="15" count="4" type="cond" truecount="2" falsecount="0"/>
      <line num="16" count="1" type="stmt"/>
      <line num="17" count="3" type="cond" truecount="2" falsecount="0"/>
      <line num="21" count="1" type="stmt"/>
      <line num="23" count="2" type="stmt"/>
      <line num="24" count="2" type="stmt"/>
      <line num="25" count="2" type="stmt"/>
      <line num="28" count="2" type="stmt"/>
      <line num="29" count="2" type="stmt"/>
      <line num="31" count="1" type="stmt"/>
      <line num="36" count="1" type="stmt"/>
      <line num="37" count="1" type="stmt"/>
      <line num="38" count="1" type="stmt"/>
      <line num="39" count="1" type="stmt"/>
      <line num="43" count="2" type="stmt"/>
      <line num="51" count="4" type="stmt"/>
      <line num="63" count="3" type="cond" truecount="1" falsecount="1"/>
      <line num="65" count="3" type="stmt"/>
      <line num="68" count="3" type="cond" truecount="1" falsecount="1"/>
      <line num="69" count="3" type="stmt"/>
      <line num="72" count="3" type="stmt"/>
      <line num="77" count="3" type="stmt"/>
      <line num="78" count="3" type="stmt"/>
      <line num="79" count="2" type="stmt"/>
      <line num="80" count="2" type="stmt"/>
      <line num="81" count="2" type="stmt"/>
      <line num="82" count="2" type="stmt"/>
      <line num="84" count="2" type="stmt"/>
      <line num="86" count="1" type="stmt"/>
      <line num="91" count="8" type="cond" truecount="1" falsecount="1"/>
      <line num="92" count="8" type="stmt"/>
      <line num="93" count="8" type="stmt"/>
      <line num="94" count="8" type="stmt"/>
      <line num="95" count="8" type="cond" truecount="2" falsecount="0"/>
      <line num="96" count="8" type="stmt"/>
      <line num="97" count="8" type="stmt"/>
      <line num="98" count="8" type="stmt"/>
      <line num="100" count="8" type="stmt"/>
      <line num="102" count="375" type="cond" truecount="2" falsecount="0"/>
      <line num="110" count="24" type="stmt"/>
      <line num="111" count="24" type="stmt"/>
      <line num="112" count="24" type="cond" truecount="2" falsecount="0"/>
      <line num="119" count="8" type="stmt"/>
      <line num="122" count="375" type="cond" truecount="2" falsecount="0"/>
      <line num="127" count="2" type="stmt"/>
      <line num="131" count="375" type="cond" truecount="2" falsecount="0"/>
      <line num="139" count="24" type="stmt"/>
      <line num="144" count="8" type="stmt"/>
      <line num="148" count="8" type="stmt"/>
      <line num="149" count="8" type="stmt"/>
      <line num="151" count="8" type="stmt"/>
      <line num="153" count="375" type="cond" truecount="2" falsecount="0"/>
      <line num="159" count="53" type="stmt"/>
      <line num="161" count="375" type="cond" truecount="2" falsecount="0"/>
      <line num="165" count="8" type="cond" truecount="2" falsecount="0"/>
      <line num="169" count="3" type="stmt"/>
      <line num="170" count="3" type="stmt"/>
      <line num="172" count="3" type="stmt"/>
      <line num="174" count="8" type="stmt"/>
      <line num="175" count="8" type="stmt"/>
      <line num="176" count="8" type="cond" truecount="2" falsecount="0"/>
      <line num="177" count="8" type="stmt"/>
      <line num="179" count="8" type="stmt"/>
      <line num="180" count="8" type="cond" truecount="2" falsecount="0"/>
      <line num="181" count="7" type="stmt"/>
      <line num="185" count="3" type="cond" truecount="1" falsecount="1"/>
      <line num="187" count="8" type="stmt"/>
      <line num="190" count="3" type="cond" truecount="1" falsecount="1"/>
      <line num="194" count="83" type="cond" truecount="2" falsecount="0"/>
      <line num="201" count="8" type="stmt"/>
      <line num="202" count="8" type="stmt"/>
      <line num="203" count="3" type="stmt"/>
      <line num="204" count="15" type="cond" truecount="2" falsecount="0"/>
      <line num="207" count="3" type="stmt"/>
      <line num="218" count="3" type="stmt"/>
      <line num="220" count="3" type="stmt"/>
      <line num="223" count="3" type="cond" truecount="2" falsecount="0"/>
      <line num="224" count="2" type="stmt"/>
      <line num="225" count="2" type="stmt"/>
      <line num="231" count="3" type="cond" truecount="2" falsecount="0"/>
      <line num="232" count="1" type="stmt"/>
      <line num="233" count="1" type="stmt"/>
      <line num="235" count="1" type="stmt"/>
      <line num="243" count="3" type="cond" truecount="2" falsecount="0"/>
      <line num="244" count="1" type="stmt"/>
      <line num="247" count="1" type="stmt"/>
      <line num="250" count="1" type="stmt"/>
      <line num="256" count="3" type="cond" truecount="2" falsecount="0"/>
      <line num="257" count="5" type="stmt"/>
      <line num="258" count="2" type="stmt"/>
      <line num="264" count="3" type="stmt"/>
      <line num="265" count="3" type="stmt"/>
      <line num="266" count="8" type="stmt"/>
      <line num="267" count="8" type="cond" truecount="2" falsecount="0"/>
      <line num="269" count="3" type="stmt"/>
      <line num="270" count="7" type="stmt"/>
      <line num="272" count="3" type="cond" truecount="2" falsecount="0"/>
      <line num="276" count="1" type="stmt"/>
      <line num="278" count="1" type="stmt"/>
      <line num="286" count="3" type="cond" truecount="1" falsecount="1"/>
      <line num="291" count="0" type="cond" truecount="0" falsecount="2"/>
      <line num="293" count="3" type="stmt"/>
      <line num="298" count="3" type="stmt"/>
      <line num="314" count="1" type="stmt"/>
      <line num="320" count="1" type="stmt"/>
      <line num="321" count="1" type="stmt"/>
      <line num="325" count="3" type="stmt"/>
      <line num="327" count="2" type="cond" truecount="2" falsecount="0"/>
      <line num="328" count="1" type="stmt"/>
      <line num="329" count="1" type="stmt"/>
      <line num="332" count="2" type="cond" truecount="2" falsecount="0"/>
      <line num="333" count="1" type="stmt"/>
      <line num="334" count="1" type="stmt"/>
      <line num="338" count="1" type="stmt"/>
      <line num="339" count="1" type="stmt"/>
      <line num="340" count="1" type="stmt"/>
      <line num="352" count="4" type="cond" truecount="1" falsecount="0"/>
      <line num="353" count="20" type="cond" truecount="4" falsecount="0"/>
      <line num="356" count="4" type="cond" truecount="2" falsecount="0"/>
      <line num="362" count="4" type="cond" truecount="2" falsecount="0"/>
      <line num="368" count="4" type="cond" truecount="1" falsecount="1"/>
      <line num="374" count="4" type="stmt"/>
      <line num="429" count="1" type="stmt"/>
      <line num="433" count="1" type="stmt"/>
      <line num="437" count="1" type="stmt"/>
      <line num="443" count="1" type="stmt"/>
      <line num="447" count="4" type="stmt"/>
      <line num="471" count="1" type="stmt"/>
    </file>
  </project>
</coverage>
