{"D:\\Users\\finnm\\OneDrive\\Desktop\\js-refactor-tool\\features\\checkStructure.js": {"path":"D:\\Users\\finnm\\OneDrive\\Desktop\\js-refactor-tool\\features\\checkStructure.js","statementMap":{"0":{"start":{"line":1,"column":15},"end":{"line":1,"column":32}},"1":{"start":{"line":2,"column":15},"end":{"line":2,"column":39}},"2":{"start":{"line":3,"column":17},"end":{"line":3,"column":51}},"3":{"start":{"line":4,"column":11},"end":{"line":4,"column":24}},"4":{"start":{"line":5,"column":13},"end":{"line":5,"column":28}},"5":{"start":{"line":6,"column":18},"end":{"line":6,"column":38}},"6":{"start":{"line":9,"column":17},"end":{"line":9,"column":47}},"7":{"start":{"line":10,"column":2},"end":{"line":10,"column":75}},"8":{"start":{"line":10,"column":15},"end":{"line":10,"column":75}},"9":{"start":{"line":12,"column":19},"end":{"line":12,"column":34}},"10":{"start":{"line":13,"column":18},"end":{"line":13,"column":30}},"11":{"start":{"line":15,"column":2},"end":{"line":16,"column":75}},"12":{"start":{"line":16,"column":4},"end":{"line":16,"column":75}},"13":{"start":{"line":17,"column":2},"end":{"line":21,"column":11}},"14":{"start":{"line":21,"column":4},"end":{"line":21,"column":11}},"15":{"start":{"line":23,"column":2},"end":{"line":23,"column":24}},"16":{"start":{"line":24,"column":15},"end":{"line":24,"column":33}},"17":{"start":{"line":25,"column":16},"end":{"line":25,"column":39}},"18":{"start":{"line":28,"column":2},"end":{"line":34,"column":3}},"19":{"start":{"line":29,"column":4},"end":{"line":29,"column":31}},"20":{"start":{"line":31,"column":4},"end":{"line":33,"column":6}},"21":{"start":{"line":36,"column":26},"end":{"line":36,"column":64}},"22":{"start":{"line":37,"column":21},"end":{"line":37,"column":71}},"23":{"start":{"line":38,"column":16},"end":{"line":38,"column":55}},"24":{"start":{"line":39,"column":2},"end":{"line":39,"column":62}},"25":{"start":{"line":43,"column":2},"end":{"line":47,"column":4}},"26":{"start":{"line":51,"column":2},"end":{"line":58,"column":5}},"27":{"start":{"line":63,"column":4},"end":{"line":63,"column":67}},"28":{"start":{"line":65,"column":21},"end":{"line":65,"column":66}},"29":{"start":{"line":68,"column":2},"end":{"line":70,"column":3}},"30":{"start":{"line":69,"column":4},"end":{"line":69,"column":50}},"31":{"start":{"line":72,"column":18},"end":{"line":75,"column":3}},"32":{"start":{"line":77,"column":2},"end":{"line":87,"column":3}},"33":{"start":{"line":78,"column":20},"end":{"line":78,"column":62}},"34":{"start":{"line":79,"column":17},"end":{"line":79,"column":40}},"35":{"start":{"line":80,"column":4},"end":{"line":80,"column":70}},"36":{"start":{"line":81,"column":4},"end":{"line":81,"column":75}},"37":{"start":{"line":82,"column":4},"end":{"line":82,"column":26}},"38":{"start":{"line":84,"column":4},"end":{"line":84,"column":72}},"39":{"start":{"line":86,"column":4},"end":{"line":86,"column":79}},"40":{"start":{"line":91,"column":15},"end":{"line":91,"column":48}},"41":{"start":{"line":92,"column":16},"end":{"line":92,"column":40}},"42":{"start":{"line":93,"column":14},"end":{"line":93,"column":36}},"43":{"start":{"line":94,"column":17},"end":{"line":94,"column":28}},"44":{"start":{"line":95,"column":17},"end":{"line":95,"column":46}},"45":{"start":{"line":96,"column":19},"end":{"line":96,"column":20}},"46":{"start":{"line":97,"column":16},"end":{"line":97,"column":17}},"47":{"start":{"line":98,"column":23},"end":{"line":98,"column":24}},"48":{"start":{"line":100,"column":2},"end":{"line":143,"column":5}},"49":{"start":{"line":102,"column":6},"end":{"line":122,"column":7}},"50":{"start":{"line":110,"column":8},"end":{"line":110,"column":25}},"51":{"start":{"line":111,"column":8},"end":{"line":111,"column":52}},"52":{"start":{"line":113,"column":8},"end":{"line":121,"column":9}},"53":{"start":{"line":120,"column":10},"end":{"line":120,"column":23}},"54":{"start":{"line":123,"column":6},"end":{"line":129,"column":7}},"55":{"start":{"line":128,"column":8},"end":{"line":128,"column":21}},"56":{"start":{"line":132,"column":6},"end":{"line":141,"column":7}},"57":{"start":{"line":140,"column":8},"end":{"line":140,"column":25}},"58":{"start":{"line":145,"column":2},"end":{"line":145,"column":67}},"59":{"start":{"line":149,"column":23},"end":{"line":149,"column":28}},"60":{"start":{"line":150,"column":18},"end":{"line":150,"column":23}},"61":{"start":{"line":152,"column":2},"end":{"line":164,"column":5}},"62":{"start":{"line":154,"column":6},"end":{"line":161,"column":7}},"63":{"start":{"line":160,"column":8},"end":{"line":160,"column":30}},"64":{"start":{"line":162,"column":6},"end":{"line":162,"column":56}},"65":{"start":{"line":162,"column":39},"end":{"line":162,"column":56}},"66":{"start":{"line":166,"column":2},"end":{"line":166,"column":66}},"67":{"start":{"line":170,"column":20},"end":{"line":170,"column":22}},"68":{"start":{"line":171,"column":23},"end":{"line":171,"column":25}},"69":{"start":{"line":173,"column":2},"end":{"line":184,"column":5}},"70":{"start":{"line":175,"column":22},"end":{"line":175,"column":50}},"71":{"start":{"line":176,"column":26},"end":{"line":176,"column":48}},"72":{"start":{"line":177,"column":22},"end":{"line":177,"column":53}},"73":{"start":{"line":178,"column":27},"end":{"line":178,"column":71}},"74":{"start":{"line":178,"column":47},"end":{"line":178,"column":70}},"75":{"start":{"line":180,"column":6},"end":{"line":180,"column":79}},"76":{"start":{"line":181,"column":6},"end":{"line":182,"column":71}},"77":{"start":{"line":182,"column":8},"end":{"line":182,"column":71}},"78":{"start":{"line":186,"column":22},"end":{"line":190,"column":11}},"79":{"start":{"line":188,"column":38},"end":{"line":188,"column":53}},"80":{"start":{"line":191,"column":25},"end":{"line":200,"column":11}},"81":{"start":{"line":195,"column":25},"end":{"line":195,"column":79}},"82":{"start":{"line":202,"column":24},"end":{"line":202,"column":64}},"83":{"start":{"line":202,"column":49},"end":{"line":202,"column":63}},"84":{"start":{"line":203,"column":25},"end":{"line":203,"column":68}},"85":{"start":{"line":203,"column":50},"end":{"line":203,"column":67}},"86":{"start":{"line":204,"column":21},"end":{"line":206,"column":4}},"87":{"start":{"line":205,"column":4},"end":{"line":205,"column":74}},"88":{"start":{"line":205,"column":46},"end":{"line":205,"column":64}},"89":{"start":{"line":208,"column":24},"end":{"line":218,"column":3}},"90":{"start":{"line":219,"column":22},"end":{"line":219,"column":54}},"91":{"start":{"line":221,"column":23},"end":{"line":221,"column":25}},"92":{"start":{"line":224,"column":2},"end":{"line":229,"column":3}},"93":{"start":{"line":225,"column":20},"end":{"line":225,"column":79}},"94":{"start":{"line":226,"column":4},"end":{"line":228,"column":6}},"95":{"start":{"line":232,"column":2},"end":{"line":241,"column":3}},"96":{"start":{"line":233,"column":18},"end":{"line":235,"column":17}},"97":{"start":{"line":234,"column":18},"end":{"line":234,"column":62}},"98":{"start":{"line":236,"column":4},"end":{"line":240,"column":6}},"99":{"start":{"line":244,"column":2},"end":{"line":254,"column":3}},"100":{"start":{"line":245,"column":18},"end":{"line":250,"column":17}},"101":{"start":{"line":248,"column":10},"end":{"line":248,"column":81}},"102":{"start":{"line":251,"column":4},"end":{"line":253,"column":6}},"103":{"start":{"line":257,"column":2},"end":{"line":262,"column":3}},"104":{"start":{"line":258,"column":18},"end":{"line":258,"column":76}},"105":{"start":{"line":258,"column":40},"end":{"line":258,"column":64}},"106":{"start":{"line":259,"column":4},"end":{"line":261,"column":6}},"107":{"start":{"line":265,"column":26},"end":{"line":265,"column":35}},"108":{"start":{"line":266,"column":2},"end":{"line":269,"column":5}},"109":{"start":{"line":267,"column":16},"end":{"line":267,"column":44}},"110":{"start":{"line":268,"column":4},"end":{"line":268,"column":66}},"111":{"start":{"line":270,"column":26},"end":{"line":272,"column":3}},"112":{"start":{"line":271,"column":19},"end":{"line":271,"column":28}},"113":{"start":{"line":273,"column":2},"end":{"line":284,"column":3}},"114":{"start":{"line":277,"column":4},"end":{"line":283,"column":6}},"115":{"start":{"line":279,"column":25},"end":{"line":279,"column":47}},"116":{"start":{"line":288,"column":2},"end":{"line":298,"column":3}},"117":{"start":{"line":293,"column":21},"end":{"line":293,"column":75}},"118":{"start":{"line":295,"column":4},"end":{"line":297,"column":6}},"119":{"start":{"line":300,"column":2},"end":{"line":312,"column":4}},"120":{"start":{"line":316,"column":16},"end":{"line":321,"column":3}},"121":{"start":{"line":322,"column":2},"end":{"line":322,"column":35}},"122":{"start":{"line":323,"column":2},"end":{"line":323,"column":15}},"123":{"start":{"line":327,"column":2},"end":{"line":350,"column":4}},"124":{"start":{"line":329,"column":6},"end":{"line":332,"column":7}},"125":{"start":{"line":330,"column":21},"end":{"line":330,"column":63}},"126":{"start":{"line":331,"column":8},"end":{"line":331,"column":39}},"127":{"start":{"line":334,"column":6},"end":{"line":346,"column":7}},"128":{"start":{"line":335,"column":20},"end":{"line":335,"column":68}},"129":{"start":{"line":336,"column":23},"end":{"line":339,"column":9}},"130":{"start":{"line":340,"column":20},"end":{"line":340,"column":60}},"131":{"start":{"line":341,"column":8},"end":{"line":341,"column":58}},"132":{"start":{"line":342,"column":8},"end":{"line":345,"column":10}},"133":{"start":{"line":354,"column":18},"end":{"line":355,"column":70}},"134":{"start":{"line":355,"column":4},"end":{"line":355,"column":70}},"135":{"start":{"line":358,"column":4},"end":{"line":362,"column":17}},"136":{"start":{"line":364,"column":4},"end":{"line":368,"column":25}},"137":{"start":{"line":370,"column":4},"end":{"line":374,"column":13}},"138":{"start":{"line":376,"column":2},"end":{"line":470,"column":18}},"139":{"start":{"line":431,"column":14},"end":{"line":431,"column":56}},"140":{"start":{"line":435,"column":14},"end":{"line":435,"column":66}},"141":{"start":{"line":439,"column":14},"end":{"line":439,"column":59}},"142":{"start":{"line":445,"column":8},"end":{"line":445,"column":133}},"143":{"start":{"line":449,"column":13},"end":{"line":449,"column":28}},"144":{"start":{"line":473,"column":0},"end":{"line":484,"column":2}}},"fnMap":{"0":{"name":"runCheckStructure","decl":{"start":{"line":8,"column":15},"end":{"line":8,"column":32}},"loc":{"start":{"line":8,"column":35},"end":{"line":40,"column":1}},"line":8},"1":{"name":"promptSaveChanges","decl":{"start":{"line":42,"column":15},"end":{"line":42,"column":32}},"loc":{"start":{"line":42,"column":43},"end":{"line":48,"column":1}},"line":42},"2":{"name":"parseCodeToAST","decl":{"start":{"line":50,"column":9},"end":{"line":50,"column":23}},"loc":{"start":{"line":50,"column":30},"end":{"line":59,"column":1}},"line":50},"3":{"name":"exportPdf","decl":{"start":{"line":61,"column":15},"end":{"line":61,"column":24}},"loc":{"start":{"line":61,"column":47},"end":{"line":88,"column":1}},"line":61},"4":{"name":"extractFunctionMetrics","decl":{"start":{"line":90,"column":9},"end":{"line":90,"column":31}},"loc":{"start":{"line":90,"column":38},"end":{"line":146,"column":1}},"line":90},"5":{"name":"(anonymous_5)","decl":{"start":{"line":101,"column":4},"end":{"line":101,"column":5}},"loc":{"start":{"line":101,"column":19},"end":{"line":130,"column":5}},"line":101},"6":{"name":"(anonymous_6)","decl":{"start":{"line":131,"column":4},"end":{"line":131,"column":5}},"loc":{"start":{"line":131,"column":18},"end":{"line":142,"column":5}},"line":131},"7":{"name":"checkTestability","decl":{"start":{"line":148,"column":9},"end":{"line":148,"column":25}},"loc":{"start":{"line":148,"column":32},"end":{"line":167,"column":1}},"line":148},"8":{"name":"(anonymous_8)","decl":{"start":{"line":153,"column":4},"end":{"line":153,"column":5}},"loc":{"start":{"line":153,"column":19},"end":{"line":163,"column":5}},"line":153},"9":{"name":"analyseCodeStructure","decl":{"start":{"line":169,"column":9},"end":{"line":169,"column":29}},"loc":{"start":{"line":169,"column":48},"end":{"line":313,"column":1}},"line":169},"10":{"name":"(anonymous_10)","decl":{"start":{"line":174,"column":4},"end":{"line":174,"column":5}},"loc":{"start":{"line":174,"column":30},"end":{"line":183,"column":5}},"line":174},"11":{"name":"(anonymous_11)","decl":{"start":{"line":178,"column":40},"end":{"line":178,"column":41}},"loc":{"start":{"line":178,"column":47},"end":{"line":178,"column":70}},"line":178},"12":{"name":"(anonymous_12)","decl":{"start":{"line":188,"column":25},"end":{"line":188,"column":26}},"loc":{"start":{"line":188,"column":38},"end":{"line":188,"column":53}},"line":188},"13":{"name":"(anonymous_13)","decl":{"start":{"line":195,"column":18},"end":{"line":195,"column":19}},"loc":{"start":{"line":195,"column":25},"end":{"line":195,"column":79}},"line":195},"14":{"name":"(anonymous_14)","decl":{"start":{"line":202,"column":41},"end":{"line":202,"column":42}},"loc":{"start":{"line":202,"column":49},"end":{"line":202,"column":63}},"line":202},"15":{"name":"(anonymous_15)","decl":{"start":{"line":203,"column":42},"end":{"line":203,"column":43}},"loc":{"start":{"line":203,"column":50},"end":{"line":203,"column":67}},"line":203},"16":{"name":"(anonymous_16)","decl":{"start":{"line":204,"column":38},"end":{"line":204,"column":39}},"loc":{"start":{"line":204,"column":56},"end":{"line":206,"column":3}},"line":204},"17":{"name":"(anonymous_17)","decl":{"start":{"line":205,"column":39},"end":{"line":205,"column":40}},"loc":{"start":{"line":205,"column":46},"end":{"line":205,"column":64}},"line":205},"18":{"name":"(anonymous_18)","decl":{"start":{"line":234,"column":11},"end":{"line":234,"column":12}},"loc":{"start":{"line":234,"column":18},"end":{"line":234,"column":62}},"line":234},"19":{"name":"(anonymous_19)","decl":{"start":{"line":247,"column":8},"end":{"line":247,"column":9}},"loc":{"start":{"line":248,"column":10},"end":{"line":248,"column":81}},"line":248},"20":{"name":"(anonymous_20)","decl":{"start":{"line":258,"column":33},"end":{"line":258,"column":34}},"loc":{"start":{"line":258,"column":40},"end":{"line":258,"column":64}},"line":258},"21":{"name":"(anonymous_21)","decl":{"start":{"line":266,"column":20},"end":{"line":266,"column":21}},"loc":{"start":{"line":266,"column":27},"end":{"line":269,"column":3}},"line":266},"22":{"name":"(anonymous_22)","decl":{"start":{"line":271,"column":4},"end":{"line":271,"column":5}},"loc":{"start":{"line":271,"column":19},"end":{"line":271,"column":28}},"line":271},"23":{"name":"(anonymous_23)","decl":{"start":{"line":279,"column":13},"end":{"line":279,"column":14}},"loc":{"start":{"line":279,"column":25},"end":{"line":279,"column":47}},"line":279},"24":{"name":"(anonymous_24)","decl":{"start":{"line":293,"column":14},"end":{"line":293,"column":15}},"loc":{"start":{"line":293,"column":21},"end":{"line":293,"column":75}},"line":293},"25":{"name":"createWebviewPanel","decl":{"start":{"line":315,"column":9},"end":{"line":315,"column":27}},"loc":{"start":{"line":315,"column":50},"end":{"line":324,"column":1}},"line":315},"26":{"name":"handlePanelMessages","decl":{"start":{"line":326,"column":9},"end":{"line":326,"column":28}},"loc":{"start":{"line":326,"column":61},"end":{"line":351,"column":1}},"line":326},"27":{"name":"(anonymous_27)","decl":{"start":{"line":328,"column":4},"end":{"line":328,"column":5}},"loc":{"start":{"line":328,"column":23},"end":{"line":347,"column":5}},"line":328},"28":{"name":"createHtmlContent","decl":{"start":{"line":353,"column":9},"end":{"line":353,"column":26}},"loc":{"start":{"line":353,"column":52},"end":{"line":471,"column":1}},"line":353},"29":{"name":"(anonymous_29)","decl":{"start":{"line":354,"column":18},"end":{"line":354,"column":19}},"loc":{"start":{"line":355,"column":4},"end":{"line":355,"column":70}},"line":355},"30":{"name":"(anonymous_30)","decl":{"start":{"line":431,"column":6},"end":{"line":431,"column":7}},"loc":{"start":{"line":431,"column":14},"end":{"line":431,"column":56}},"line":431},"31":{"name":"(anonymous_31)","decl":{"start":{"line":435,"column":6},"end":{"line":435,"column":7}},"loc":{"start":{"line":435,"column":14},"end":{"line":435,"column":66}},"line":435},"32":{"name":"(anonymous_32)","decl":{"start":{"line":439,"column":6},"end":{"line":439,"column":7}},"loc":{"start":{"line":439,"column":14},"end":{"line":439,"column":59}},"line":439},"33":{"name":"(anonymous_33)","decl":{"start":{"line":444,"column":6},"end":{"line":444,"column":7}},"loc":{"start":{"line":445,"column":8},"end":{"line":445,"column":133}},"line":445},"34":{"name":"(anonymous_34)","decl":{"start":{"line":449,"column":6},"end":{"line":449,"column":7}},"loc":{"start":{"line":449,"column":13},"end":{"line":449,"column":28}},"line":449}},"branchMap":{"0":{"loc":{"start":{"line":10,"column":2},"end":{"line":10,"column":75}},"type":"if","locations":[{"start":{"line":10,"column":2},"end":{"line":10,"column":75}},{"start":{},"end":{}}],"line":10},"1":{"loc":{"start":{"line":15,"column":2},"end":{"line":16,"column":75}},"type":"if","locations":[{"start":{"line":15,"column":2},"end":{"line":16,"column":75}},{"start":{},"end":{}}],"line":15},"2":{"loc":{"start":{"line":17,"column":2},"end":{"line":21,"column":11}},"type":"if","locations":[{"start":{"line":17,"column":2},"end":{"line":21,"column":11}},{"start":{},"end":{}}],"line":17},"3":{"loc":{"start":{"line":18,"column":4},"end":{"line":19,"column":63}},"type":"binary-expr","locations":[{"start":{"line":18,"column":4},"end":{"line":18,"column":20}},{"start":{"line":19,"column":4},"end":{"line":19,"column":63}}],"line":18},"4":{"loc":{"start":{"line":63,"column":4},"end":{"line":63,"column":67}},"type":"binary-expr","locations":[{"start":{"line":63,"column":4},"end":{"line":63,"column":54}},{"start":{"line":63,"column":58},"end":{"line":63,"column":67}}],"line":63},"5":{"loc":{"start":{"line":68,"column":2},"end":{"line":70,"column":3}},"type":"if","locations":[{"start":{"line":68,"column":2},"end":{"line":70,"column":3}},{"start":{},"end":{}}],"line":68},"6":{"loc":{"start":{"line":91,"column":15},"end":{"line":91,"column":48}},"type":"binary-expr","locations":[{"start":{"line":91,"column":15},"end":{"line":91,"column":33}},{"start":{"line":91,"column":37},"end":{"line":91,"column":48}}],"line":91},"7":{"loc":{"start":{"line":95,"column":17},"end":{"line":95,"column":46}},"type":"binary-expr","locations":[{"start":{"line":95,"column":17},"end":{"line":95,"column":41}},{"start":{"line":95,"column":45},"end":{"line":95,"column":46}}],"line":95},"8":{"loc":{"start":{"line":102,"column":6},"end":{"line":122,"column":7}},"type":"if","locations":[{"start":{"line":102,"column":6},"end":{"line":122,"column":7}},{"start":{},"end":{}}],"line":102},"9":{"loc":{"start":{"line":103,"column":8},"end":{"line":108,"column":32}},"type":"binary-expr","locations":[{"start":{"line":103,"column":8},"end":{"line":103,"column":31}},{"start":{"line":104,"column":8},"end":{"line":104,"column":32}},{"start":{"line":105,"column":8},"end":{"line":105,"column":34}},{"start":{"line":106,"column":8},"end":{"line":106,"column":34}},{"start":{"line":107,"column":8},"end":{"line":107,"column":35}},{"start":{"line":108,"column":8},"end":{"line":108,"column":32}}],"line":103},"10":{"loc":{"start":{"line":113,"column":8},"end":{"line":121,"column":9}},"type":"if","locations":[{"start":{"line":113,"column":8},"end":{"line":121,"column":9}},{"start":{},"end":{}}],"line":113},"11":{"loc":{"start":{"line":114,"column":10},"end":{"line":118,"column":34}},"type":"binary-expr","locations":[{"start":{"line":114,"column":10},"end":{"line":114,"column":33}},{"start":{"line":115,"column":10},"end":{"line":115,"column":34}},{"start":{"line":116,"column":10},"end":{"line":116,"column":36}},{"start":{"line":117,"column":10},"end":{"line":117,"column":37}},{"start":{"line":118,"column":10},"end":{"line":118,"column":34}}],"line":114},"12":{"loc":{"start":{"line":123,"column":6},"end":{"line":129,"column":7}},"type":"if","locations":[{"start":{"line":123,"column":6},"end":{"line":129,"column":7}},{"start":{},"end":{}}],"line":123},"13":{"loc":{"start":{"line":124,"column":8},"end":{"line":126,"column":36}},"type":"binary-expr","locations":[{"start":{"line":124,"column":8},"end":{"line":124,"column":37}},{"start":{"line":125,"column":8},"end":{"line":125,"column":41}},{"start":{"line":126,"column":8},"end":{"line":126,"column":36}}],"line":124},"14":{"loc":{"start":{"line":132,"column":6},"end":{"line":141,"column":7}},"type":"if","locations":[{"start":{"line":132,"column":6},"end":{"line":141,"column":7}},{"start":{},"end":{}}],"line":132},"15":{"loc":{"start":{"line":133,"column":8},"end":{"line":138,"column":32}},"type":"binary-expr","locations":[{"start":{"line":133,"column":8},"end":{"line":133,"column":31}},{"start":{"line":134,"column":8},"end":{"line":134,"column":32}},{"start":{"line":135,"column":8},"end":{"line":135,"column":34}},{"start":{"line":136,"column":8},"end":{"line":136,"column":34}},{"start":{"line":137,"column":8},"end":{"line":137,"column":35}},{"start":{"line":138,"column":8},"end":{"line":138,"column":32}}],"line":133},"16":{"loc":{"start":{"line":154,"column":6},"end":{"line":161,"column":7}},"type":"if","locations":[{"start":{"line":154,"column":6},"end":{"line":161,"column":7}},{"start":{},"end":{}}],"line":154},"17":{"loc":{"start":{"line":155,"column":8},"end":{"line":158,"column":9}},"type":"binary-expr","locations":[{"start":{"line":155,"column":8},"end":{"line":155,"column":34}},{"start":{"line":156,"column":8},"end":{"line":158,"column":9}}],"line":155},"18":{"loc":{"start":{"line":162,"column":6},"end":{"line":162,"column":56}},"type":"if","locations":[{"start":{"line":162,"column":6},"end":{"line":162,"column":56}},{"start":{},"end":{}}],"line":162},"19":{"loc":{"start":{"line":166,"column":35},"end":{"line":166,"column":63}},"type":"binary-expr","locations":[{"start":{"line":166,"column":35},"end":{"line":166,"column":44}},{"start":{"line":166,"column":48},"end":{"line":166,"column":63}}],"line":166},"20":{"loc":{"start":{"line":177,"column":22},"end":{"line":177,"column":53}},"type":"binary-expr","locations":[{"start":{"line":177,"column":22},"end":{"line":177,"column":47}},{"start":{"line":177,"column":51},"end":{"line":177,"column":53}}],"line":177},"21":{"loc":{"start":{"line":181,"column":6},"end":{"line":182,"column":71}},"type":"if","locations":[{"start":{"line":181,"column":6},"end":{"line":182,"column":71}},{"start":{},"end":{}}],"line":181},"22":{"loc":{"start":{"line":186,"column":22},"end":{"line":190,"column":11}},"type":"cond-expr","locations":[{"start":{"line":187,"column":6},"end":{"line":189,"column":18}},{"start":{"line":190,"column":6},"end":{"line":190,"column":11}}],"line":186},"23":{"loc":{"start":{"line":191,"column":25},"end":{"line":200,"column":11}},"type":"cond-expr","locations":[{"start":{"line":192,"column":6},"end":{"line":199,"column":18}},{"start":{"line":200,"column":6},"end":{"line":200,"column":11}}],"line":191},"24":{"loc":{"start":{"line":195,"column":25},"end":{"line":195,"column":79}},"type":"binary-expr","locations":[{"start":{"line":195,"column":25},"end":{"line":195,"column":50}},{"start":{"line":195,"column":54},"end":{"line":195,"column":79}}],"line":195},"25":{"loc":{"start":{"line":205,"column":11},"end":{"line":205,"column":73}},"type":"binary-expr","locations":[{"start":{"line":205,"column":11},"end":{"line":205,"column":21}},{"start":{"line":205,"column":25},"end":{"line":205,"column":73}}],"line":205},"26":{"loc":{"start":{"line":216,"column":9},"end":{"line":216,"column":30}},"type":"binary-expr","locations":[{"start":{"line":216,"column":9},"end":{"line":216,"column":25}},{"start":{"line":216,"column":29},"end":{"line":216,"column":30}}],"line":216},"27":{"loc":{"start":{"line":224,"column":2},"end":{"line":229,"column":3}},"type":"if","locations":[{"start":{"line":224,"column":2},"end":{"line":229,"column":3}},{"start":{},"end":{}}],"line":224},"28":{"loc":{"start":{"line":232,"column":2},"end":{"line":241,"column":3}},"type":"if","locations":[{"start":{"line":232,"column":2},"end":{"line":241,"column":3}},{"start":{},"end":{}}],"line":232},"29":{"loc":{"start":{"line":238,"column":8},"end":{"line":238,"column":47}},"type":"cond-expr","locations":[{"start":{"line":238,"column":35},"end":{"line":238,"column":40}},{"start":{"line":238,"column":43},"end":{"line":238,"column":47}}],"line":238},"30":{"loc":{"start":{"line":244,"column":2},"end":{"line":254,"column":3}},"type":"if","locations":[{"start":{"line":244,"column":2},"end":{"line":254,"column":3}},{"start":{},"end":{}}],"line":244},"31":{"loc":{"start":{"line":257,"column":2},"end":{"line":262,"column":3}},"type":"if","locations":[{"start":{"line":257,"column":2},"end":{"line":262,"column":3}},{"start":{},"end":{}}],"line":257},"32":{"loc":{"start":{"line":268,"column":30},"end":{"line":268,"column":59}},"type":"binary-expr","locations":[{"start":{"line":268,"column":30},"end":{"line":268,"column":54}},{"start":{"line":268,"column":58},"end":{"line":268,"column":59}}],"line":268},"33":{"loc":{"start":{"line":273,"column":2},"end":{"line":284,"column":3}},"type":"if","locations":[{"start":{"line":273,"column":2},"end":{"line":284,"column":3}},{"start":{},"end":{}}],"line":273},"34":{"loc":{"start":{"line":274,"column":4},"end":{"line":275,"column":60}},"type":"binary-expr","locations":[{"start":{"line":274,"column":4},"end":{"line":274,"column":30}},{"start":{"line":275,"column":4},"end":{"line":275,"column":60}}],"line":274},"35":{"loc":{"start":{"line":288,"column":2},"end":{"line":298,"column":3}},"type":"if","locations":[{"start":{"line":288,"column":2},"end":{"line":298,"column":3}},{"start":{},"end":{}}],"line":288},"36":{"loc":{"start":{"line":289,"column":4},"end":{"line":293,"column":77}},"type":"binary-expr","locations":[{"start":{"line":289,"column":4},"end":{"line":289,"column":35}},{"start":{"line":290,"column":5},"end":{"line":290,"column":25}},{"start":{"line":291,"column":6},"end":{"line":293,"column":76}}],"line":289},"37":{"loc":{"start":{"line":293,"column":21},"end":{"line":293,"column":75}},"type":"binary-expr","locations":[{"start":{"line":293,"column":21},"end":{"line":293,"column":46}},{"start":{"line":293,"column":50},"end":{"line":293,"column":75}}],"line":293},"38":{"loc":{"start":{"line":329,"column":6},"end":{"line":332,"column":7}},"type":"if","locations":[{"start":{"line":329,"column":6},"end":{"line":332,"column":7}},{"start":{},"end":{}}],"line":329},"39":{"loc":{"start":{"line":334,"column":6},"end":{"line":346,"column":7}},"type":"if","locations":[{"start":{"line":334,"column":6},"end":{"line":346,"column":7}},{"start":{},"end":{}}],"line":334},"40":{"loc":{"start":{"line":354,"column":28},"end":{"line":354,"column":54}},"type":"default-arg","locations":[{"start":{"line":354,"column":39},"end":{"line":354,"column":54}}],"line":354},"41":{"loc":{"start":{"line":355,"column":4},"end":{"line":355,"column":70}},"type":"cond-expr","locations":[{"start":{"line":355,"column":39},"end":{"line":355,"column":59}},{"start":{"line":355,"column":62},"end":{"line":355,"column":70}}],"line":355},"42":{"loc":{"start":{"line":355,"column":4},"end":{"line":355,"column":36}},"type":"binary-expr","locations":[{"start":{"line":355,"column":4},"end":{"line":355,"column":22}},{"start":{"line":355,"column":26},"end":{"line":355,"column":36}}],"line":355},"43":{"loc":{"start":{"line":358,"column":4},"end":{"line":362,"column":17}},"type":"cond-expr","locations":[{"start":{"line":359,"column":8},"end":{"line":359,"column":17}},{"start":{"line":360,"column":8},"end":{"line":362,"column":17}}],"line":358},"44":{"loc":{"start":{"line":360,"column":8},"end":{"line":362,"column":17}},"type":"cond-expr","locations":[{"start":{"line":361,"column":8},"end":{"line":361,"column":17}},{"start":{"line":362,"column":8},"end":{"line":362,"column":17}}],"line":360},"45":{"loc":{"start":{"line":364,"column":4},"end":{"line":368,"column":25}},"type":"cond-expr","locations":[{"start":{"line":365,"column":8},"end":{"line":365,"column":17}},{"start":{"line":366,"column":8},"end":{"line":368,"column":25}}],"line":364},"46":{"loc":{"start":{"line":366,"column":8},"end":{"line":368,"column":25}},"type":"cond-expr","locations":[{"start":{"line":367,"column":8},"end":{"line":367,"column":18}},{"start":{"line":368,"column":8},"end":{"line":368,"column":25}}],"line":366},"47":{"loc":{"start":{"line":370,"column":4},"end":{"line":374,"column":13}},"type":"cond-expr","locations":[{"start":{"line":371,"column":8},"end":{"line":371,"column":14}},{"start":{"line":372,"column":8},"end":{"line":374,"column":13}}],"line":370},"48":{"loc":{"start":{"line":372,"column":8},"end":{"line":374,"column":13}},"type":"cond-expr","locations":[{"start":{"line":373,"column":8},"end":{"line":373,"column":18}},{"start":{"line":374,"column":8},"end":{"line":374,"column":13}}],"line":372}},"s":{"0":1,"1":1,"2":1,"3":1,"4":1,"5":1,"6":5,"7":5,"8":1,"9":4,"10":4,"11":4,"12":1,"13":3,"14":1,"15":2,"16":2,"17":2,"18":2,"19":2,"20":1,"21":1,"22":1,"23":1,"24":1,"25":2,"26":3,"27":5,"28":5,"29":5,"30":2,"31":5,"32":5,"33":5,"34":4,"35":4,"36":4,"37":4,"38":4,"39":1,"40":15,"41":15,"42":15,"43":15,"44":15,"45":15,"46":15,"47":15,"48":15,"49":425,"50":37,"51":37,"52":37,"53":11,"54":425,"55":4,"56":425,"57":37,"58":15,"59":16,"60":16,"61":16,"62":431,"63":54,"64":431,"65":11,"66":16,"67":11,"68":11,"69":11,"70":14,"71":14,"72":14,"73":14,"74":1,"75":14,"76":14,"77":13,"78":11,"79":14,"80":11,"81":100,"82":11,"83":14,"84":11,"85":14,"86":11,"87":14,"88":7,"89":11,"90":11,"91":11,"92":11,"93":8,"94":8,"95":11,"96":1,"97":1,"98":1,"99":11,"100":1,"101":1,"102":1,"103":11,"104":5,"105":6,"106":5,"107":11,"108":11,"109":14,"110":14,"111":11,"112":13,"113":11,"114":2,"115":1,"116":11,"117":1,"118":9,"119":11,"120":2,"121":2,"122":2,"123":2,"124":2,"125":1,"126":1,"127":2,"128":1,"129":1,"130":1,"131":1,"132":1,"133":5,"134":25,"135":5,"136":5,"137":5,"138":5,"139":0,"140":0,"141":1,"142":1,"143":4,"144":1},"f":{"0":5,"1":2,"2":3,"3":5,"4":15,"5":425,"6":425,"7":16,"8":431,"9":11,"10":14,"11":1,"12":14,"13":100,"14":14,"15":14,"16":14,"17":7,"18":1,"19":1,"20":6,"21":14,"22":13,"23":1,"24":1,"25":2,"26":2,"27":2,"28":5,"29":25,"30":0,"31":0,"32":1,"33":1,"34":4},"b":{"0":[1,4],"1":[1,3],"2":[1,2],"3":[3,1],"4":[5,0],"5":[2,3],"6":[15,0],"7":[15,13],"8":[37,388],"9":[425,416,414,414,388,388],"10":[11,26],"11":[37,28,26,26,26],"12":[4,421],"13":[425,425,425],"14":[37,388],"15":[425,416,414,414,388,388],"16":[54,377],"17":[431,54],"18":[11,420],"19":[16,11],"20":[14,13],"21":[13,1],"22":[9,2],"23":[11,0],"24":[100,99],"25":[14,6],"26":[11,2],"27":[8,3],"28":[1,10],"29":[0,1],"30":[1,10],"31":[5,6],"32":[14,13],"33":[2,9],"34":[11,10],"35":[9,2],"36":[11,10,1],"37":[1,1],"38":[1,1],"39":[1,1],"40":[25],"41":[4,21],"42":[25,20],"43":[3,2],"44":[1,1],"45":[3,2],"46":[1,1],"47":[0,5],"48":[0,5]},"_coverageSchema":"1a1c01bbd47fc00a2c39e90264f33305004495a9","hash":"06de9d3f6732e35c959b69d75b937e082fc0d974"}
,"D:\\Users\\finnm\\OneDrive\\Desktop\\js-refactor-tool\\features\\fixNaming.js": {"path":"D:\\Users\\finnm\\OneDrive\\Desktop\\js-refactor-tool\\features\\fixNaming.js","statementMap":{"0":{"start":{"line":1,"column":15},"end":{"line":1,"column":32}},"1":{"start":{"line":2,"column":15},"end":{"line":2,"column":39}},"2":{"start":{"line":3,"column":17},"end":{"line":3,"column":51}},"3":{"start":{"line":4,"column":22},"end":{"line":4,"column":46}},"4":{"start":{"line":5,"column":13},"end":{"line":5,"column":28}},"5":{"start":{"line":14,"column":4},"end":{"line":14,"column":35}},"6":{"start":{"line":17,"column":14},"end":{"line":17,"column":53}},"7":{"start":{"line":18,"column":2},"end":{"line":18,"column":70}},"8":{"start":{"line":18,"column":47},"end":{"line":18,"column":70}},"9":{"start":{"line":19,"column":2},"end":{"line":20,"column":27}},"10":{"start":{"line":20,"column":4},"end":{"line":20,"column":27}},"11":{"start":{"line":21,"column":2},"end":{"line":21,"column":24}},"12":{"start":{"line":25,"column":21},"end":{"line":25,"column":69}},"13":{"start":{"line":26,"column":2},"end":{"line":37,"column":3}},"14":{"start":{"line":27,"column":19},"end":{"line":29,"column":6}},"15":{"start":{"line":30,"column":4},"end":{"line":30,"column":60}},"16":{"start":{"line":30,"column":29},"end":{"line":30,"column":60}},"17":{"start":{"line":31,"column":4},"end":{"line":31,"column":37}},"18":{"start":{"line":33,"column":4},"end":{"line":35,"column":6}},"19":{"start":{"line":36,"column":4},"end":{"line":36,"column":14}},"20":{"start":{"line":41,"column":18},"end":{"line":41,"column":70}},"21":{"start":{"line":42,"column":2},"end":{"line":60,"column":3}},"22":{"start":{"line":43,"column":19},"end":{"line":45,"column":6}},"23":{"start":{"line":47,"column":4},"end":{"line":47,"column":42}},"24":{"start":{"line":48,"column":4},"end":{"line":48,"column":42}},"25":{"start":{"line":49,"column":4},"end":{"line":49,"column":45}},"26":{"start":{"line":51,"column":4},"end":{"line":52,"column":61}},"27":{"start":{"line":52,"column":6},"end":{"line":52,"column":61}},"28":{"start":{"line":54,"column":4},"end":{"line":54,"column":37}},"29":{"start":{"line":56,"column":4},"end":{"line":58,"column":6}},"30":{"start":{"line":59,"column":4},"end":{"line":59,"column":14}},"31":{"start":{"line":64,"column":17},"end":{"line":64,"column":38}},"32":{"start":{"line":65,"column":25},"end":{"line":65,"column":34}},"33":{"start":{"line":67,"column":2},"end":{"line":73,"column":4}},"34":{"start":{"line":70,"column":8},"end":{"line":70,"column":56}},"35":{"start":{"line":75,"column":17},"end":{"line":75,"column":47}},"36":{"start":{"line":76,"column":2},"end":{"line":76,"column":73}},"37":{"start":{"line":76,"column":15},"end":{"line":76,"column":73}},"38":{"start":{"line":78,"column":19},"end":{"line":78,"column":34}},"39":{"start":{"line":79,"column":18},"end":{"line":79,"column":30}},"40":{"start":{"line":80,"column":21},"end":{"line":80,"column":40}},"41":{"start":{"line":81,"column":19},"end":{"line":81,"column":36}},"42":{"start":{"line":82,"column":15},"end":{"line":82,"column":33}},"43":{"start":{"line":84,"column":2},"end":{"line":85,"column":75}},"44":{"start":{"line":85,"column":4},"end":{"line":85,"column":75}},"45":{"start":{"line":86,"column":2},"end":{"line":94,"column":3}},"46":{"start":{"line":87,"column":17},"end":{"line":91,"column":5}},"47":{"start":{"line":92,"column":4},"end":{"line":92,"column":45}},"48":{"start":{"line":92,"column":38},"end":{"line":92,"column":45}},"49":{"start":{"line":93,"column":4},"end":{"line":93,"column":26}},"50":{"start":{"line":96,"column":25},"end":{"line":96,"column":79}},"51":{"start":{"line":97,"column":22},"end":{"line":103,"column":3}},"52":{"start":{"line":104,"column":2},"end":{"line":104,"column":27}},"53":{"start":{"line":104,"column":20},"end":{"line":104,"column":27}},"54":{"start":{"line":106,"column":18},"end":{"line":110,"column":17}},"55":{"start":{"line":112,"column":18},"end":{"line":116,"column":17}},"56":{"start":{"line":118,"column":16},"end":{"line":118,"column":18}},"57":{"start":{"line":121,"column":29},"end":{"line":135,"column":6}},"58":{"start":{"line":137,"column":25},"end":{"line":137,"column":46}},"59":{"start":{"line":138,"column":20},"end":{"line":138,"column":36}},"60":{"start":{"line":139,"column":21},"end":{"line":139,"column":61}},"61":{"start":{"line":142,"column":4},"end":{"line":144,"column":5}},"62":{"start":{"line":143,"column":6},"end":{"line":143,"column":49}},"63":{"start":{"line":147,"column":4},"end":{"line":147,"column":47}},"64":{"start":{"line":150,"column":2},"end":{"line":234,"column":3}},"65":{"start":{"line":151,"column":18},"end":{"line":151,"column":46}},"66":{"start":{"line":152,"column":4},"end":{"line":152,"column":45}},"67":{"start":{"line":152,"column":38},"end":{"line":152,"column":45}},"68":{"start":{"line":154,"column":4},"end":{"line":163,"column":5}},"69":{"start":{"line":155,"column":25},"end":{"line":155,"column":38}},"70":{"start":{"line":156,"column":6},"end":{"line":162,"column":7}},"71":{"start":{"line":161,"column":8},"end":{"line":161,"column":51}},"72":{"start":{"line":164,"column":9},"end":{"line":234,"column":3}},"73":{"start":{"line":165,"column":18},"end":{"line":165,"column":46}},"74":{"start":{"line":166,"column":4},"end":{"line":166,"column":45}},"75":{"start":{"line":166,"column":38},"end":{"line":166,"column":45}},"76":{"start":{"line":168,"column":4},"end":{"line":177,"column":5}},"77":{"start":{"line":169,"column":25},"end":{"line":169,"column":38}},"78":{"start":{"line":170,"column":6},"end":{"line":176,"column":7}},"79":{"start":{"line":175,"column":8},"end":{"line":175,"column":51}},"80":{"start":{"line":180,"column":4},"end":{"line":189,"column":5}},"81":{"start":{"line":181,"column":6},"end":{"line":184,"column":9}},"82":{"start":{"line":186,"column":6},"end":{"line":188,"column":8}},"83":{"start":{"line":191,"column":23},"end":{"line":191,"column":25}},"84":{"start":{"line":193,"column":4},"end":{"line":233,"column":7}},"85":{"start":{"line":195,"column":8},"end":{"line":197,"column":9}},"86":{"start":{"line":196,"column":10},"end":{"line":196,"column":69}},"87":{"start":{"line":200,"column":8},"end":{"line":202,"column":9}},"88":{"start":{"line":201,"column":10},"end":{"line":201,"column":27}},"89":{"start":{"line":205,"column":21},"end":{"line":205,"column":38}},"90":{"start":{"line":206,"column":27},"end":{"line":206,"column":40}},"91":{"start":{"line":207,"column":8},"end":{"line":216,"column":9}},"92":{"start":{"line":212,"column":30},"end":{"line":212,"column":61}},"93":{"start":{"line":213,"column":10},"end":{"line":215,"column":11}},"94":{"start":{"line":214,"column":12},"end":{"line":214,"column":55}},"95":{"start":{"line":219,"column":21},"end":{"line":219,"column":39}},"96":{"start":{"line":220,"column":8},"end":{"line":220,"column":26}},"97":{"start":{"line":220,"column":19},"end":{"line":220,"column":26}},"98":{"start":{"line":221,"column":27},"end":{"line":221,"column":40}},"99":{"start":{"line":222,"column":8},"end":{"line":231,"column":9}},"100":{"start":{"line":227,"column":30},"end":{"line":227,"column":61}},"101":{"start":{"line":228,"column":10},"end":{"line":230,"column":11}},"102":{"start":{"line":229,"column":12},"end":{"line":229,"column":55}},"103":{"start":{"line":236,"column":2},"end":{"line":240,"column":3}},"104":{"start":{"line":237,"column":4},"end":{"line":239,"column":6}},"105":{"start":{"line":242,"column":22},"end":{"line":245,"column":3}},"106":{"start":{"line":246,"column":2},"end":{"line":246,"column":61}},"107":{"start":{"line":246,"column":54},"end":{"line":246,"column":61}},"108":{"start":{"line":247,"column":19},"end":{"line":247,"column":52}},"109":{"start":{"line":249,"column":20},"end":{"line":249,"column":24}},"110":{"start":{"line":250,"column":21},"end":{"line":250,"column":22}},"111":{"start":{"line":252,"column":2},"end":{"line":350,"column":3}},"112":{"start":{"line":253,"column":22},"end":{"line":253,"column":33}},"113":{"start":{"line":254,"column":4},"end":{"line":259,"column":5}},"114":{"start":{"line":255,"column":6},"end":{"line":258,"column":8}},"115":{"start":{"line":261,"column":23},"end":{"line":263,"column":5}},"116":{"start":{"line":264,"column":4},"end":{"line":264,"column":59}},"117":{"start":{"line":266,"column":4},"end":{"line":271,"column":6}},"118":{"start":{"line":273,"column":20},"end":{"line":277,"column":5}},"119":{"start":{"line":278,"column":4},"end":{"line":283,"column":5}},"120":{"start":{"line":279,"column":6},"end":{"line":281,"column":8}},"121":{"start":{"line":282,"column":6},"end":{"line":282,"column":13}},"122":{"start":{"line":285,"column":4},"end":{"line":300,"column":5}},"123":{"start":{"line":286,"column":19},"end":{"line":286,"column":45}},"124":{"start":{"line":287,"column":24},"end":{"line":290,"column":7}},"125":{"start":{"line":291,"column":6},"end":{"line":291,"column":52}},"126":{"start":{"line":292,"column":6},"end":{"line":292,"column":45}},"127":{"start":{"line":293,"column":6},"end":{"line":293,"column":28}},"128":{"start":{"line":294,"column":6},"end":{"line":294,"column":34}},"129":{"start":{"line":295,"column":6},"end":{"line":297,"column":8}},"130":{"start":{"line":299,"column":6},"end":{"line":299,"column":67}},"131":{"start":{"line":302,"column":4},"end":{"line":348,"column":5}},"132":{"start":{"line":302,"column":17},"end":{"line":302,"column":18}},"133":{"start":{"line":303,"column":24},"end":{"line":303,"column":32}},"134":{"start":{"line":304,"column":26},"end":{"line":307,"column":7}},"135":{"start":{"line":309,"column":25},"end":{"line":311,"column":7}},"136":{"start":{"line":312,"column":6},"end":{"line":312,"column":61}},"137":{"start":{"line":314,"column":6},"end":{"line":319,"column":8}},"138":{"start":{"line":321,"column":25},"end":{"line":325,"column":8}},"139":{"start":{"line":327,"column":6},"end":{"line":327,"column":69}},"140":{"start":{"line":327,"column":60},"end":{"line":327,"column":69}},"141":{"start":{"line":329,"column":28},"end":{"line":332,"column":7}},"142":{"start":{"line":334,"column":6},"end":{"line":347,"column":7}},"143":{"start":{"line":335,"column":21},"end":{"line":335,"column":47}},"144":{"start":{"line":336,"column":26},"end":{"line":339,"column":9}},"145":{"start":{"line":340,"column":8},"end":{"line":340,"column":56}},"146":{"start":{"line":341,"column":8},"end":{"line":341,"column":47}},"147":{"start":{"line":342,"column":8},"end":{"line":342,"column":30}},"148":{"start":{"line":343,"column":8},"end":{"line":343,"column":36}},"149":{"start":{"line":344,"column":8},"end":{"line":344,"column":23}},"150":{"start":{"line":346,"column":8},"end":{"line":346,"column":69}},"151":{"start":{"line":349,"column":4},"end":{"line":349,"column":79}},"152":{"start":{"line":352,"column":23},"end":{"line":352,"column":50}},"153":{"start":{"line":353,"column":2},"end":{"line":360,"column":3}},"154":{"start":{"line":354,"column":4},"end":{"line":359,"column":6}},"155":{"start":{"line":362,"column":2},"end":{"line":367,"column":12}},"156":{"start":{"line":363,"column":4},"end":{"line":366,"column":7}},"157":{"start":{"line":370,"column":0},"end":{"line":370,"column":39}}},"fnMap":{"0":{"name":"detectPreferredStyleFromLanguage","decl":{"start":{"line":16,"column":9},"end":{"line":16,"column":41}},"loc":{"start":{"line":16,"column":69},"end":{"line":22,"column":1}},"line":16},"1":{"name":"extractPythonNames","decl":{"start":{"line":24,"column":9},"end":{"line":24,"column":27}},"loc":{"start":{"line":24,"column":38},"end":{"line":38,"column":1}},"line":24},"2":{"name":"extractCSharpNames","decl":{"start":{"line":40,"column":9},"end":{"line":40,"column":27}},"loc":{"start":{"line":40,"column":38},"end":{"line":61,"column":1}},"line":40},"3":{"name":"runFixNaming","decl":{"start":{"line":63,"column":15},"end":{"line":63,"column":27}},"loc":{"start":{"line":63,"column":37},"end":{"line":368,"column":1}},"line":63},"4":{"name":"(anonymous_4)","decl":{"start":{"line":69,"column":6},"end":{"line":69,"column":7}},"loc":{"start":{"line":69,"column":38},"end":{"line":71,"column":7}},"line":69},"5":{"name":"shouldSkipRename","decl":{"start":{"line":120,"column":11},"end":{"line":120,"column":27}},"loc":{"start":{"line":120,"column":41},"end":{"line":148,"column":3}},"line":120},"6":{"name":"(anonymous_6)","decl":{"start":{"line":194,"column":6},"end":{"line":194,"column":7}},"loc":{"start":{"line":194,"column":18},"end":{"line":198,"column":7}},"line":194},"7":{"name":"(anonymous_7)","decl":{"start":{"line":199,"column":6},"end":{"line":199,"column":7}},"loc":{"start":{"line":199,"column":17},"end":{"line":203,"column":7}},"line":199},"8":{"name":"(anonymous_8)","decl":{"start":{"line":204,"column":6},"end":{"line":204,"column":7}},"loc":{"start":{"line":204,"column":31},"end":{"line":217,"column":7}},"line":204},"9":{"name":"(anonymous_9)","decl":{"start":{"line":218,"column":6},"end":{"line":218,"column":7}},"loc":{"start":{"line":218,"column":32},"end":{"line":232,"column":7}},"line":218}},"branchMap":{"0":{"loc":{"start":{"line":16,"column":54},"end":{"line":16,"column":67}},"type":"default-arg","locations":[{"start":{"line":16,"column":65},"end":{"line":16,"column":67}}],"line":16},"1":{"loc":{"start":{"line":18,"column":2},"end":{"line":18,"column":70}},"type":"if","locations":[{"start":{"line":18,"column":2},"end":{"line":18,"column":70}},{"start":{},"end":{}}],"line":18},"2":{"loc":{"start":{"line":18,"column":6},"end":{"line":18,"column":45}},"type":"binary-expr","locations":[{"start":{"line":18,"column":6},"end":{"line":18,"column":29}},{"start":{"line":18,"column":33},"end":{"line":18,"column":45}}],"line":18},"3":{"loc":{"start":{"line":19,"column":2},"end":{"line":20,"column":27}},"type":"if","locations":[{"start":{"line":19,"column":2},"end":{"line":20,"column":27}},{"start":{},"end":{}}],"line":19},"4":{"loc":{"start":{"line":30,"column":4},"end":{"line":30,"column":60}},"type":"if","locations":[{"start":{"line":30,"column":4},"end":{"line":30,"column":60}},{"start":{},"end":{}}],"line":30},"5":{"loc":{"start":{"line":51,"column":4},"end":{"line":52,"column":61}},"type":"if","locations":[{"start":{"line":51,"column":4},"end":{"line":52,"column":61}},{"start":{},"end":{}}],"line":51},"6":{"loc":{"start":{"line":52,"column":22},"end":{"line":52,"column":59}},"type":"binary-expr","locations":[{"start":{"line":52,"column":22},"end":{"line":52,"column":35}},{"start":{"line":52,"column":39},"end":{"line":52,"column":59}}],"line":52},"7":{"loc":{"start":{"line":57,"column":36},"end":{"line":57,"column":66}},"type":"binary-expr","locations":[{"start":{"line":57,"column":36},"end":{"line":57,"column":47}},{"start":{"line":57,"column":51},"end":{"line":57,"column":66}}],"line":57},"8":{"loc":{"start":{"line":70,"column":15},"end":{"line":70,"column":55}},"type":"binary-expr","locations":[{"start":{"line":70,"column":15},"end":{"line":70,"column":49}},{"start":{"line":70,"column":53},"end":{"line":70,"column":55}}],"line":70},"9":{"loc":{"start":{"line":76,"column":2},"end":{"line":76,"column":73}},"type":"if","locations":[{"start":{"line":76,"column":2},"end":{"line":76,"column":73}},{"start":{},"end":{}}],"line":76},"10":{"loc":{"start":{"line":84,"column":2},"end":{"line":85,"column":75}},"type":"if","locations":[{"start":{"line":84,"column":2},"end":{"line":85,"column":75}},{"start":{},"end":{}}],"line":84},"11":{"loc":{"start":{"line":86,"column":2},"end":{"line":94,"column":3}},"type":"if","locations":[{"start":{"line":86,"column":2},"end":{"line":94,"column":3}},{"start":{},"end":{}}],"line":86},"12":{"loc":{"start":{"line":92,"column":4},"end":{"line":92,"column":45}},"type":"if","locations":[{"start":{"line":92,"column":4},"end":{"line":92,"column":45}},{"start":{},"end":{}}],"line":92},"13":{"loc":{"start":{"line":104,"column":2},"end":{"line":104,"column":27}},"type":"if","locations":[{"start":{"line":104,"column":2},"end":{"line":104,"column":27}},{"start":{},"end":{}}],"line":104},"14":{"loc":{"start":{"line":106,"column":18},"end":{"line":110,"column":17}},"type":"cond-expr","locations":[{"start":{"line":107,"column":6},"end":{"line":107,"column":17}},{"start":{"line":108,"column":6},"end":{"line":110,"column":17}}],"line":106},"15":{"loc":{"start":{"line":108,"column":6},"end":{"line":110,"column":17}},"type":"cond-expr","locations":[{"start":{"line":109,"column":6},"end":{"line":109,"column":18}},{"start":{"line":110,"column":6},"end":{"line":110,"column":17}}],"line":108},"16":{"loc":{"start":{"line":112,"column":18},"end":{"line":116,"column":17}},"type":"cond-expr","locations":[{"start":{"line":113,"column":6},"end":{"line":113,"column":17}},{"start":{"line":114,"column":6},"end":{"line":116,"column":17}}],"line":112},"17":{"loc":{"start":{"line":114,"column":6},"end":{"line":116,"column":17}},"type":"cond-expr","locations":[{"start":{"line":115,"column":6},"end":{"line":115,"column":18}},{"start":{"line":116,"column":6},"end":{"line":116,"column":17}}],"line":114},"18":{"loc":{"start":{"line":142,"column":4},"end":{"line":144,"column":5}},"type":"if","locations":[{"start":{"line":142,"column":4},"end":{"line":144,"column":5}},{"start":{},"end":{}}],"line":142},"19":{"loc":{"start":{"line":143,"column":13},"end":{"line":143,"column":48}},"type":"binary-expr","locations":[{"start":{"line":143,"column":13},"end":{"line":143,"column":25}},{"start":{"line":143,"column":29},"end":{"line":143,"column":36}},{"start":{"line":143,"column":40},"end":{"line":143,"column":48}}],"line":143},"20":{"loc":{"start":{"line":147,"column":11},"end":{"line":147,"column":46}},"type":"binary-expr","locations":[{"start":{"line":147,"column":11},"end":{"line":147,"column":23}},{"start":{"line":147,"column":27},"end":{"line":147,"column":34}},{"start":{"line":147,"column":38},"end":{"line":147,"column":46}}],"line":147},"21":{"loc":{"start":{"line":150,"column":2},"end":{"line":234,"column":3}},"type":"if","locations":[{"start":{"line":150,"column":2},"end":{"line":234,"column":3}},{"start":{"line":164,"column":9},"end":{"line":234,"column":3}}],"line":150},"22":{"loc":{"start":{"line":152,"column":4},"end":{"line":152,"column":45}},"type":"if","locations":[{"start":{"line":152,"column":4},"end":{"line":152,"column":45}},{"start":{},"end":{}}],"line":152},"23":{"loc":{"start":{"line":152,"column":8},"end":{"line":152,"column":36}},"type":"binary-expr","locations":[{"start":{"line":152,"column":8},"end":{"line":152,"column":14}},{"start":{"line":152,"column":18},"end":{"line":152,"column":36}}],"line":152},"24":{"loc":{"start":{"line":156,"column":6},"end":{"line":162,"column":7}},"type":"if","locations":[{"start":{"line":156,"column":6},"end":{"line":162,"column":7}},{"start":{},"end":{}}],"line":156},"25":{"loc":{"start":{"line":157,"column":8},"end":{"line":159,"column":44}},"type":"binary-expr","locations":[{"start":{"line":157,"column":8},"end":{"line":157,"column":22}},{"start":{"line":158,"column":8},"end":{"line":158,"column":27}},{"start":{"line":159,"column":8},"end":{"line":159,"column":44}}],"line":157},"26":{"loc":{"start":{"line":164,"column":9},"end":{"line":234,"column":3}},"type":"if","locations":[{"start":{"line":164,"column":9},"end":{"line":234,"column":3}},{"start":{"line":178,"column":9},"end":{"line":234,"column":3}}],"line":164},"27":{"loc":{"start":{"line":164,"column":13},"end":{"line":164,"column":64}},"type":"binary-expr","locations":[{"start":{"line":164,"column":13},"end":{"line":164,"column":36}},{"start":{"line":164,"column":40},"end":{"line":164,"column":64}}],"line":164},"28":{"loc":{"start":{"line":166,"column":4},"end":{"line":166,"column":45}},"type":"if","locations":[{"start":{"line":166,"column":4},"end":{"line":166,"column":45}},{"start":{},"end":{}}],"line":166},"29":{"loc":{"start":{"line":166,"column":8},"end":{"line":166,"column":36}},"type":"binary-expr","locations":[{"start":{"line":166,"column":8},"end":{"line":166,"column":14}},{"start":{"line":166,"column":18},"end":{"line":166,"column":36}}],"line":166},"30":{"loc":{"start":{"line":170,"column":6},"end":{"line":176,"column":7}},"type":"if","locations":[{"start":{"line":170,"column":6},"end":{"line":176,"column":7}},{"start":{},"end":{}}],"line":170},"31":{"loc":{"start":{"line":171,"column":8},"end":{"line":173,"column":44}},"type":"binary-expr","locations":[{"start":{"line":171,"column":8},"end":{"line":171,"column":22}},{"start":{"line":172,"column":8},"end":{"line":172,"column":27}},{"start":{"line":173,"column":8},"end":{"line":173,"column":44}}],"line":171},"32":{"loc":{"start":{"line":195,"column":8},"end":{"line":197,"column":9}},"type":"if","locations":[{"start":{"line":195,"column":8},"end":{"line":197,"column":9}},{"start":{},"end":{}}],"line":195},"33":{"loc":{"start":{"line":200,"column":8},"end":{"line":202,"column":9}},"type":"if","locations":[{"start":{"line":200,"column":8},"end":{"line":202,"column":9}},{"start":{},"end":{}}],"line":200},"34":{"loc":{"start":{"line":207,"column":8},"end":{"line":216,"column":9}},"type":"if","locations":[{"start":{"line":207,"column":8},"end":{"line":216,"column":9}},{"start":{},"end":{}}],"line":207},"35":{"loc":{"start":{"line":208,"column":10},"end":{"line":210,"column":46}},"type":"binary-expr","locations":[{"start":{"line":208,"column":10},"end":{"line":208,"column":24}},{"start":{"line":209,"column":10},"end":{"line":209,"column":29}},{"start":{"line":210,"column":10},"end":{"line":210,"column":46}}],"line":208},"36":{"loc":{"start":{"line":213,"column":10},"end":{"line":215,"column":11}},"type":"if","locations":[{"start":{"line":213,"column":10},"end":{"line":215,"column":11}},{"start":{},"end":{}}],"line":213},"37":{"loc":{"start":{"line":220,"column":8},"end":{"line":220,"column":26}},"type":"if","locations":[{"start":{"line":220,"column":8},"end":{"line":220,"column":26}},{"start":{},"end":{}}],"line":220},"38":{"loc":{"start":{"line":222,"column":8},"end":{"line":231,"column":9}},"type":"if","locations":[{"start":{"line":222,"column":8},"end":{"line":231,"column":9}},{"start":{},"end":{}}],"line":222},"39":{"loc":{"start":{"line":223,"column":10},"end":{"line":225,"column":46}},"type":"binary-expr","locations":[{"start":{"line":223,"column":10},"end":{"line":223,"column":24}},{"start":{"line":224,"column":10},"end":{"line":224,"column":29}},{"start":{"line":225,"column":10},"end":{"line":225,"column":46}}],"line":223},"40":{"loc":{"start":{"line":228,"column":10},"end":{"line":230,"column":11}},"type":"if","locations":[{"start":{"line":228,"column":10},"end":{"line":230,"column":11}},{"start":{},"end":{}}],"line":228},"41":{"loc":{"start":{"line":236,"column":2},"end":{"line":240,"column":3}},"type":"if","locations":[{"start":{"line":236,"column":2},"end":{"line":240,"column":3}},{"start":{},"end":{}}],"line":236},"42":{"loc":{"start":{"line":246,"column":2},"end":{"line":246,"column":61}},"type":"if","locations":[{"start":{"line":246,"column":2},"end":{"line":246,"column":61}},{"start":{},"end":{}}],"line":246},"43":{"loc":{"start":{"line":246,"column":6},"end":{"line":246,"column":52}},"type":"binary-expr","locations":[{"start":{"line":246,"column":6},"end":{"line":246,"column":18}},{"start":{"line":246,"column":22},"end":{"line":246,"column":52}}],"line":246},"44":{"loc":{"start":{"line":252,"column":2},"end":{"line":350,"column":3}},"type":"if","locations":[{"start":{"line":252,"column":2},"end":{"line":350,"column":3}},{"start":{"line":301,"column":9},"end":{"line":350,"column":3}}],"line":252},"45":{"loc":{"start":{"line":278,"column":4},"end":{"line":283,"column":5}},"type":"if","locations":[{"start":{"line":278,"column":4},"end":{"line":283,"column":5}},{"start":{},"end":{}}],"line":278},"46":{"loc":{"start":{"line":327,"column":6},"end":{"line":327,"column":69}},"type":"if","locations":[{"start":{"line":327,"column":6},"end":{"line":327,"column":69}},{"start":{},"end":{}}],"line":327},"47":{"loc":{"start":{"line":327,"column":10},"end":{"line":327,"column":58}},"type":"binary-expr","locations":[{"start":{"line":327,"column":10},"end":{"line":327,"column":21}},{"start":{"line":327,"column":25},"end":{"line":327,"column":58}}],"line":327},"48":{"loc":{"start":{"line":353,"column":2},"end":{"line":360,"column":3}},"type":"if","locations":[{"start":{"line":353,"column":2},"end":{"line":360,"column":3}},{"start":{},"end":{}}],"line":353},"49":{"loc":{"start":{"line":353,"column":6},"end":{"line":353,"column":42}},"type":"binary-expr","locations":[{"start":{"line":353,"column":6},"end":{"line":353,"column":22}},{"start":{"line":353,"column":26},"end":{"line":353,"column":42}}],"line":353},"50":{"loc":{"start":{"line":356,"column":8},"end":{"line":356,"column":37}},"type":"cond-expr","locations":[{"start":{"line":356,"column":29},"end":{"line":356,"column":32}},{"start":{"line":356,"column":35},"end":{"line":356,"column":37}}],"line":356},"51":{"loc":{"start":{"line":358,"column":9},"end":{"line":358,"column":64}},"type":"cond-expr","locations":[{"start":{"line":358,"column":28},"end":{"line":358,"column":59}},{"start":{"line":358,"column":62},"end":{"line":358,"column":64}}],"line":358}},"s":{"0":1,"1":1,"2":1,"3":1,"4":1,"5":1,"6":16,"7":16,"8":2,"9":14,"10":2,"11":12,"12":2,"13":2,"14":2,"15":2,"16":1,"17":1,"18":1,"19":1,"20":2,"21":2,"22":2,"23":2,"24":2,"25":2,"26":2,"27":1,"28":1,"29":1,"30":1,"31":19,"32":19,"33":19,"34":1,"35":19,"36":19,"37":1,"38":18,"39":18,"40":18,"41":18,"42":18,"43":18,"44":1,"45":17,"46":5,"47":5,"48":1,"49":4,"50":16,"51":16,"52":16,"53":1,"54":15,"55":15,"56":15,"57":9,"58":9,"59":9,"60":9,"61":9,"62":0,"63":9,"64":15,"65":2,"66":2,"67":1,"68":1,"69":1,"70":1,"71":1,"72":13,"73":2,"74":2,"75":1,"76":1,"77":1,"78":1,"79":1,"80":11,"81":11,"82":1,"83":10,"84":10,"85":51,"86":51,"87":51,"88":51,"89":3,"90":3,"91":3,"92":1,"93":1,"94":1,"95":9,"96":9,"97":0,"98":9,"99":9,"100":6,"101":6,"102":6,"103":12,"104":3,"105":9,"106":9,"107":0,"108":9,"109":9,"110":9,"111":9,"112":5,"113":5,"114":5,"115":5,"116":5,"117":5,"118":5,"119":5,"120":1,"121":1,"122":4,"123":4,"124":4,"125":4,"126":4,"127":3,"128":3,"129":3,"130":1,"131":4,"132":4,"133":4,"134":4,"135":4,"136":4,"137":4,"138":4,"139":4,"140":0,"141":4,"142":4,"143":4,"144":4,"145":4,"146":4,"147":3,"148":3,"149":3,"150":1,"151":4,"152":8,"153":8,"154":8,"155":8,"156":8,"157":1},"f":{"0":16,"1":2,"2":2,"3":19,"4":1,"5":9,"6":51,"7":51,"8":3,"9":9},"b":{"0":[0],"1":[2,14],"2":[16,14],"3":[2,12],"4":[1,1],"5":[1,1],"6":[1,0],"7":[1,0],"8":[1,1],"9":[1,18],"10":[1,17],"11":[5,12],"12":[1,4],"13":[1,15],"14":[0,15],"15":[2,13],"16":[0,15],"17":[2,13],"18":[0,9],"19":[0,0,0],"20":[9,0,0],"21":[2,13],"22":[1,1],"23":[2,2],"24":[1,0],"25":[1,1,1],"26":[2,11],"27":[13,11],"28":[1,1],"29":[2,2],"30":[1,0],"31":[1,1,1],"32":[51,0],"33":[51,0],"34":[1,2],"35":[3,3,1],"36":[1,0],"37":[0,9],"38":[6,3],"39":[9,7,6],"40":[6,0],"41":[3,9],"42":[0,9],"43":[9,9],"44":[5,4],"45":[1,4],"46":[0,4],"47":[4,4],"48":[8,0],"49":[8,2],"50":[2,6],"51":[2,6]},"_coverageSchema":"1a1c01bbd47fc00a2c39e90264f33305004495a9","hash":"971b04a29d090b12e520e067857c77d1bad731e3"}
,"D:\\Users\\finnm\\OneDrive\\Desktop\\js-refactor-tool\\features\\lintErrors.js": {"path":"D:\\Users\\finnm\\OneDrive\\Desktop\\js-refactor-tool\\features\\lintErrors.js","statementMap":{"0":{"start":{"line":1,"column":15},"end":{"line":1,"column":32}},"1":{"start":{"line":2,"column":11},"end":{"line":2,"column":24}},"2":{"start":{"line":3,"column":13},"end":{"line":3,"column":28}},"3":{"start":{"line":4,"column":19},"end":{"line":4,"column":36}},"4":{"start":{"line":7,"column":17},"end":{"line":7,"column":47}},"5":{"start":{"line":8,"column":2},"end":{"line":10,"column":3}},"6":{"start":{"line":9,"column":4},"end":{"line":9,"column":64}},"7":{"start":{"line":12,"column":19},"end":{"line":12,"column":34}},"8":{"start":{"line":13,"column":19},"end":{"line":13,"column":36}},"9":{"start":{"line":15,"column":2},"end":{"line":16,"column":75}},"10":{"start":{"line":16,"column":4},"end":{"line":16,"column":75}},"11":{"start":{"line":17,"column":2},"end":{"line":25,"column":3}},"12":{"start":{"line":18,"column":17},"end":{"line":22,"column":5}},"13":{"start":{"line":23,"column":4},"end":{"line":23,"column":45}},"14":{"start":{"line":23,"column":38},"end":{"line":23,"column":45}},"15":{"start":{"line":24,"column":4},"end":{"line":24,"column":26}},"16":{"start":{"line":27,"column":30},"end":{"line":27,"column":60}},"17":{"start":{"line":28,"column":2},"end":{"line":34,"column":3}},"18":{"start":{"line":28,"column":41},"end":{"line":28,"column":63}},"19":{"start":{"line":29,"column":4},"end":{"line":33,"column":6}},"20":{"start":{"line":37,"column":4},"end":{"line":37,"column":67}},"21":{"start":{"line":38,"column":22},"end":{"line":47,"column":3}},"22":{"start":{"line":49,"column":18},"end":{"line":51,"column":3}},"23":{"start":{"line":50,"column":4},"end":{"line":50,"column":46}},"24":{"start":{"line":53,"column":2},"end":{"line":63,"column":3}},"25":{"start":{"line":54,"column":20},"end":{"line":54,"column":60}},"26":{"start":{"line":55,"column":4},"end":{"line":62,"column":5}},"27":{"start":{"line":56,"column":6},"end":{"line":61,"column":7}},"28":{"start":{"line":57,"column":20},"end":{"line":57,"column":65}},"29":{"start":{"line":58,"column":8},"end":{"line":58,"column":39}},"30":{"start":{"line":60,"column":8},"end":{"line":60,"column":26}},"31":{"start":{"line":65,"column":2},"end":{"line":69,"column":3}},"32":{"start":{"line":66,"column":4},"end":{"line":68,"column":6}},"33":{"start":{"line":71,"column":21},"end":{"line":71,"column":39}},"34":{"start":{"line":73,"column":2},"end":{"line":132,"column":3}},"35":{"start":{"line":74,"column":19},"end":{"line":74,"column":64}},"36":{"start":{"line":75,"column":20},"end":{"line":75,"column":67}},"37":{"start":{"line":77,"column":22},"end":{"line":77,"column":53}},"38":{"start":{"line":78,"column":4},"end":{"line":80,"column":5}},"39":{"start":{"line":79,"column":6},"end":{"line":79,"column":77}},"40":{"start":{"line":82,"column":19},"end":{"line":82,"column":33}},"41":{"start":{"line":83,"column":27},"end":{"line":83,"column":36}},"42":{"start":{"line":85,"column":4},"end":{"line":89,"column":7}},"43":{"start":{"line":87,"column":8},"end":{"line":87,"column":56}},"44":{"start":{"line":91,"column":22},"end":{"line":91,"column":62}},"45":{"start":{"line":92,"column":21},"end":{"line":92,"column":60}},"46":{"start":{"line":93,"column":4},"end":{"line":93,"column":57}},"47":{"start":{"line":94,"column":4},"end":{"line":94,"column":55}},"48":{"start":{"line":96,"column":4},"end":{"line":101,"column":6}},"49":{"start":{"line":103,"column":19},"end":{"line":107,"column":5}},"50":{"start":{"line":110,"column":4},"end":{"line":110,"column":79}},"51":{"start":{"line":111,"column":4},"end":{"line":111,"column":79}},"52":{"start":{"line":114,"column":24},"end":{"line":114,"column":73}},"53":{"start":{"line":115,"column":4},"end":{"line":115,"column":77}},"54":{"start":{"line":117,"column":4},"end":{"line":129,"column":5}},"55":{"start":{"line":118,"column":19},"end":{"line":118,"column":45}},"56":{"start":{"line":119,"column":24},"end":{"line":122,"column":7}},"57":{"start":{"line":123,"column":6},"end":{"line":123,"column":55}},"58":{"start":{"line":124,"column":6},"end":{"line":124,"column":45}},"59":{"start":{"line":125,"column":6},"end":{"line":125,"column":28}},"60":{"start":{"line":126,"column":6},"end":{"line":126,"column":70}},"61":{"start":{"line":128,"column":6},"end":{"line":128,"column":69}},"62":{"start":{"line":131,"column":4},"end":{"line":131,"column":79}},"63":{"start":{"line":135,"column":0},"end":{"line":135,"column":40}}},"fnMap":{"0":{"name":"runLintErrors","decl":{"start":{"line":6,"column":15},"end":{"line":6,"column":28}},"loc":{"start":{"line":6,"column":31},"end":{"line":133,"column":1}},"line":6},"1":{"name":"(anonymous_1)","decl":{"start":{"line":28,"column":32},"end":{"line":28,"column":33}},"loc":{"start":{"line":28,"column":41},"end":{"line":28,"column":63}},"line":28},"2":{"name":"(anonymous_2)","decl":{"start":{"line":49,"column":35},"end":{"line":49,"column":36}},"loc":{"start":{"line":50,"column":4},"end":{"line":50,"column":46}},"line":50},"3":{"name":"(anonymous_3)","decl":{"start":{"line":86,"column":6},"end":{"line":86,"column":7}},"loc":{"start":{"line":86,"column":38},"end":{"line":88,"column":7}},"line":86}},"branchMap":{"0":{"loc":{"start":{"line":8,"column":2},"end":{"line":10,"column":3}},"type":"if","locations":[{"start":{"line":8,"column":2},"end":{"line":10,"column":3}},{"start":{},"end":{}}],"line":8},"1":{"loc":{"start":{"line":15,"column":2},"end":{"line":16,"column":75}},"type":"if","locations":[{"start":{"line":15,"column":2},"end":{"line":16,"column":75}},{"start":{},"end":{}}],"line":15},"2":{"loc":{"start":{"line":17,"column":2},"end":{"line":25,"column":3}},"type":"if","locations":[{"start":{"line":17,"column":2},"end":{"line":25,"column":3}},{"start":{},"end":{}}],"line":17},"3":{"loc":{"start":{"line":23,"column":4},"end":{"line":23,"column":45}},"type":"if","locations":[{"start":{"line":23,"column":4},"end":{"line":23,"column":45}},{"start":{},"end":{}}],"line":23},"4":{"loc":{"start":{"line":28,"column":2},"end":{"line":34,"column":3}},"type":"if","locations":[{"start":{"line":28,"column":2},"end":{"line":34,"column":3}},{"start":{},"end":{}}],"line":28},"5":{"loc":{"start":{"line":37,"column":4},"end":{"line":37,"column":67}},"type":"binary-expr","locations":[{"start":{"line":37,"column":4},"end":{"line":37,"column":54}},{"start":{"line":37,"column":58},"end":{"line":37,"column":67}}],"line":37},"6":{"loc":{"start":{"line":53,"column":2},"end":{"line":63,"column":3}},"type":"if","locations":[{"start":{"line":53,"column":2},"end":{"line":63,"column":3}},{"start":{},"end":{}}],"line":53},"7":{"loc":{"start":{"line":55,"column":4},"end":{"line":62,"column":5}},"type":"if","locations":[{"start":{"line":55,"column":4},"end":{"line":62,"column":5}},{"start":{},"end":{}}],"line":55},"8":{"loc":{"start":{"line":65,"column":2},"end":{"line":69,"column":3}},"type":"if","locations":[{"start":{"line":65,"column":2},"end":{"line":69,"column":3}},{"start":{},"end":{}}],"line":65},"9":{"loc":{"start":{"line":77,"column":22},"end":{"line":77,"column":53}},"type":"binary-expr","locations":[{"start":{"line":77,"column":22},"end":{"line":77,"column":39}},{"start":{"line":77,"column":43},"end":{"line":77,"column":53}}],"line":77},"10":{"loc":{"start":{"line":78,"column":4},"end":{"line":80,"column":5}},"type":"if","locations":[{"start":{"line":78,"column":4},"end":{"line":80,"column":5}},{"start":{},"end":{}}],"line":78},"11":{"loc":{"start":{"line":87,"column":15},"end":{"line":87,"column":55}},"type":"binary-expr","locations":[{"start":{"line":87,"column":15},"end":{"line":87,"column":49}},{"start":{"line":87,"column":53},"end":{"line":87,"column":55}}],"line":87},"12":{"loc":{"start":{"line":117,"column":4},"end":{"line":129,"column":5}},"type":"if","locations":[{"start":{"line":117,"column":4},"end":{"line":129,"column":5}},{"start":{"line":127,"column":11},"end":{"line":129,"column":5}}],"line":117},"13":{"loc":{"start":{"line":131,"column":58},"end":{"line":131,"column":76}},"type":"binary-expr","locations":[{"start":{"line":131,"column":58},"end":{"line":131,"column":69}},{"start":{"line":131,"column":73},"end":{"line":131,"column":76}}],"line":131}},"s":{"0":1,"1":1,"2":1,"3":1,"4":14,"5":14,"6":1,"7":13,"8":13,"9":13,"10":1,"11":12,"12":2,"13":2,"14":1,"15":1,"16":11,"17":11,"18":14,"19":1,"20":10,"21":10,"22":10,"23":35,"24":10,"25":3,"26":3,"27":2,"28":2,"29":1,"30":1,"31":10,"32":2,"33":8,"34":8,"35":8,"36":8,"37":7,"38":7,"39":4,"40":3,"41":3,"42":3,"43":1,"44":3,"45":3,"46":3,"47":3,"48":3,"49":3,"50":3,"51":3,"52":3,"53":3,"54":3,"55":1,"56":1,"57":1,"58":1,"59":1,"60":1,"61":2,"62":1,"63":1},"f":{"0":14,"1":14,"2":35,"3":1},"b":{"0":[1,13],"1":[1,12],"2":[2,10],"3":[1,1],"4":[1,10],"5":[10,0],"6":[3,7],"7":[2,1],"8":[2,8],"9":[7,4],"10":[4,3],"11":[1,1],"12":[1,2],"13":[1,0]},"_coverageSchema":"1a1c01bbd47fc00a2c39e90264f33305004495a9","hash":"a16f24f01ed027442dcaba0b526078f6260121ee"}
}
