{"D:\\Users\\finnm\\OneDrive\\Desktop\\js-refactor-tool\\features\\lintErrors.js": {"path":"D:\\Users\\finnm\\OneDrive\\Desktop\\js-refactor-tool\\features\\lintErrors.js","statementMap":{"0":{"start":{"line":1,"column":15},"end":{"line":1,"column":32}},"1":{"start":{"line":2,"column":11},"end":{"line":2,"column":24}},"2":{"start":{"line":3,"column":13},"end":{"line":3,"column":28}},"3":{"start":{"line":4,"column":19},"end":{"line":4,"column":36}},"4":{"start":{"line":7,"column":17},"end":{"line":7,"column":47}},"5":{"start":{"line":8,"column":2},"end":{"line":10,"column":3}},"6":{"start":{"line":9,"column":4},"end":{"line":9,"column":64}},"7":{"start":{"line":12,"column":19},"end":{"line":12,"column":34}},"8":{"start":{"line":13,"column":19},"end":{"line":13,"column":36}},"9":{"start":{"line":15,"column":2},"end":{"line":16,"column":75}},"10":{"start":{"line":16,"column":4},"end":{"line":16,"column":75}},"11":{"start":{"line":17,"column":2},"end":{"line":25,"column":3}},"12":{"start":{"line":18,"column":17},"end":{"line":22,"column":5}},"13":{"start":{"line":23,"column":4},"end":{"line":23,"column":45}},"14":{"start":{"line":23,"column":38},"end":{"line":23,"column":45}},"15":{"start":{"line":24,"column":4},"end":{"line":24,"column":26}},"16":{"start":{"line":27,"column":30},"end":{"line":27,"column":60}},"17":{"start":{"line":28,"column":2},"end":{"line":34,"column":3}},"18":{"start":{"line":28,"column":41},"end":{"line":28,"column":63}},"19":{"start":{"line":29,"column":4},"end":{"line":33,"column":6}},"20":{"start":{"line":37,"column":4},"end":{"line":37,"column":67}},"21":{"start":{"line":38,"column":22},"end":{"line":47,"column":3}},"22":{"start":{"line":49,"column":18},"end":{"line":51,"column":3}},"23":{"start":{"line":50,"column":4},"end":{"line":50,"column":46}},"24":{"start":{"line":53,"column":2},"end":{"line":63,"column":3}},"25":{"start":{"line":54,"column":20},"end":{"line":54,"column":60}},"26":{"start":{"line":55,"column":4},"end":{"line":62,"column":5}},"27":{"start":{"line":56,"column":6},"end":{"line":61,"column":7}},"28":{"start":{"line":57,"column":20},"end":{"line":57,"column":65}},"29":{"start":{"line":58,"column":8},"end":{"line":58,"column":39}},"30":{"start":{"line":60,"column":8},"end":{"line":60,"column":26}},"31":{"start":{"line":65,"column":2},"end":{"line":69,"column":3}},"32":{"start":{"line":66,"column":4},"end":{"line":68,"column":6}},"33":{"start":{"line":71,"column":21},"end":{"line":71,"column":39}},"34":{"start":{"line":73,"column":2},"end":{"line":132,"column":3}},"35":{"start":{"line":74,"column":19},"end":{"line":74,"column":64}},"36":{"start":{"line":75,"column":20},"end":{"line":75,"column":67}},"37":{"start":{"line":77,"column":22},"end":{"line":77,"column":53}},"38":{"start":{"line":78,"column":4},"end":{"line":80,"column":5}},"39":{"start":{"line":79,"column":6},"end":{"line":79,"column":77}},"40":{"start":{"line":82,"column":19},"end":{"line":82,"column":33}},"41":{"start":{"line":83,"column":27},"end":{"line":83,"column":36}},"42":{"start":{"line":85,"column":4},"end":{"line":89,"column":7}},"43":{"start":{"line":87,"column":8},"end":{"line":87,"column":56}},"44":{"start":{"line":91,"column":22},"end":{"line":91,"column":62}},"45":{"start":{"line":92,"column":21},"end":{"line":92,"column":60}},"46":{"start":{"line":93,"column":4},"end":{"line":93,"column":57}},"47":{"start":{"line":94,"column":4},"end":{"line":94,"column":55}},"48":{"start":{"line":96,"column":4},"end":{"line":101,"column":6}},"49":{"start":{"line":103,"column":19},"end":{"line":107,"column":5}},"50":{"start":{"line":110,"column":4},"end":{"line":110,"column":79}},"51":{"start":{"line":111,"column":4},"end":{"line":111,"column":79}},"52":{"start":{"line":114,"column":24},"end":{"line":114,"column":73}},"53":{"start":{"line":115,"column":4},"end":{"line":115,"column":77}},"54":{"start":{"line":117,"column":4},"end":{"line":129,"column":5}},"55":{"start":{"line":118,"column":19},"end":{"line":118,"column":45}},"56":{"start":{"line":119,"column":24},"end":{"line":122,"column":7}},"57":{"start":{"line":123,"column":6},"end":{"line":123,"column":55}},"58":{"start":{"line":124,"column":6},"end":{"line":124,"column":45}},"59":{"start":{"line":125,"column":6},"end":{"line":125,"column":28}},"60":{"start":{"line":126,"column":6},"end":{"line":126,"column":70}},"61":{"start":{"line":128,"column":6},"end":{"line":128,"column":69}},"62":{"start":{"line":131,"column":4},"end":{"line":131,"column":79}},"63":{"start":{"line":135,"column":0},"end":{"line":135,"column":40}}},"fnMap":{"0":{"name":"runLintErrors","decl":{"start":{"line":6,"column":15},"end":{"line":6,"column":28}},"loc":{"start":{"line":6,"column":31},"end":{"line":133,"column":1}},"line":6},"1":{"name":"(anonymous_1)","decl":{"start":{"line":28,"column":32},"end":{"line":28,"column":33}},"loc":{"start":{"line":28,"column":41},"end":{"line":28,"column":63}},"line":28},"2":{"name":"(anonymous_2)","decl":{"start":{"line":49,"column":35},"end":{"line":49,"column":36}},"loc":{"start":{"line":50,"column":4},"end":{"line":50,"column":46}},"line":50},"3":{"name":"(anonymous_3)","decl":{"start":{"line":86,"column":6},"end":{"line":86,"column":7}},"loc":{"start":{"line":86,"column":38},"end":{"line":88,"column":7}},"line":86}},"branchMap":{"0":{"loc":{"start":{"line":8,"column":2},"end":{"line":10,"column":3}},"type":"if","locations":[{"start":{"line":8,"column":2},"end":{"line":10,"column":3}},{"start":{},"end":{}}],"line":8},"1":{"loc":{"start":{"line":15,"column":2},"end":{"line":16,"column":75}},"type":"if","locations":[{"start":{"line":15,"column":2},"end":{"line":16,"column":75}},{"start":{},"end":{}}],"line":15},"2":{"loc":{"start":{"line":17,"column":2},"end":{"line":25,"column":3}},"type":"if","locations":[{"start":{"line":17,"column":2},"end":{"line":25,"column":3}},{"start":{},"end":{}}],"line":17},"3":{"loc":{"start":{"line":23,"column":4},"end":{"line":23,"column":45}},"type":"if","locations":[{"start":{"line":23,"column":4},"end":{"line":23,"column":45}},{"start":{},"end":{}}],"line":23},"4":{"loc":{"start":{"line":28,"column":2},"end":{"line":34,"column":3}},"type":"if","locations":[{"start":{"line":28,"column":2},"end":{"line":34,"column":3}},{"start":{},"end":{}}],"line":28},"5":{"loc":{"start":{"line":37,"column":4},"end":{"line":37,"column":67}},"type":"binary-expr","locations":[{"start":{"line":37,"column":4},"end":{"line":37,"column":54}},{"start":{"line":37,"column":58},"end":{"line":37,"column":67}}],"line":37},"6":{"loc":{"start":{"line":53,"column":2},"end":{"line":63,"column":3}},"type":"if","locations":[{"start":{"line":53,"column":2},"end":{"line":63,"column":3}},{"start":{},"end":{}}],"line":53},"7":{"loc":{"start":{"line":55,"column":4},"end":{"line":62,"column":5}},"type":"if","locations":[{"start":{"line":55,"column":4},"end":{"line":62,"column":5}},{"start":{},"end":{}}],"line":55},"8":{"loc":{"start":{"line":65,"column":2},"end":{"line":69,"column":3}},"type":"if","locations":[{"start":{"line":65,"column":2},"end":{"line":69,"column":3}},{"start":{},"end":{}}],"line":65},"9":{"loc":{"start":{"line":77,"column":22},"end":{"line":77,"column":53}},"type":"binary-expr","locations":[{"start":{"line":77,"column":22},"end":{"line":77,"column":39}},{"start":{"line":77,"column":43},"end":{"line":77,"column":53}}],"line":77},"10":{"loc":{"start":{"line":78,"column":4},"end":{"line":80,"column":5}},"type":"if","locations":[{"start":{"line":78,"column":4},"end":{"line":80,"column":5}},{"start":{},"end":{}}],"line":78},"11":{"loc":{"start":{"line":87,"column":15},"end":{"line":87,"column":55}},"type":"binary-expr","locations":[{"start":{"line":87,"column":15},"end":{"line":87,"column":49}},{"start":{"line":87,"column":53},"end":{"line":87,"column":55}}],"line":87},"12":{"loc":{"start":{"line":117,"column":4},"end":{"line":129,"column":5}},"type":"if","locations":[{"start":{"line":117,"column":4},"end":{"line":129,"column":5}},{"start":{"line":127,"column":11},"end":{"line":129,"column":5}}],"line":117},"13":{"loc":{"start":{"line":131,"column":58},"end":{"line":131,"column":76}},"type":"binary-expr","locations":[{"start":{"line":131,"column":58},"end":{"line":131,"column":69}},{"start":{"line":131,"column":73},"end":{"line":131,"column":76}}],"line":131}},"s":{"0":1,"1":1,"2":1,"3":1,"4":13,"5":13,"6":1,"7":12,"8":12,"9":12,"10":1,"11":11,"12":2,"13":2,"14":1,"15":1,"16":10,"17":10,"18":13,"19":1,"20":9,"21":9,"22":9,"23":30,"24":9,"25":3,"26":3,"27":2,"28":2,"29":1,"30":1,"31":9,"32":2,"33":7,"34":7,"35":7,"36":6,"37":6,"38":6,"39":3,"40":3,"41":3,"42":3,"43":1,"44":3,"45":3,"46":3,"47":3,"48":3,"49":3,"50":3,"51":3,"52":3,"53":3,"54":3,"55":1,"56":1,"57":1,"58":1,"59":1,"60":1,"61":2,"62":1,"63":1},"f":{"0":13,"1":13,"2":30,"3":1},"b":{"0":[1,12],"1":[1,11],"2":[2,9],"3":[1,1],"4":[1,9],"5":[9,0],"6":[3,6],"7":[2,1],"8":[2,7],"9":[6,2],"10":[3,3],"11":[1,1],"12":[1,2],"13":[1,0]},"_coverageSchema":"1a1c01bbd47fc00a2c39e90264f33305004495a9","hash":"a16f24f01ed027442dcaba0b526078f6260121ee"}
}
