TN:
SF:features\fixNaming.js
FN:16,detectPreferredStyleFromLanguage
FN:24,extractPythonNames
FN:40,extractCSharpNames
FN:63,runFixNaming
FN:69,(anonymous_4)
FN:120,shouldSkipRename
FN:194,(anonymous_6)
FN:199,(anonymous_7)
FN:204,(anonymous_8)
FN:218,(anonymous_9)
FNF:10
FNH:7
FNDA:19,detectPreferredStyleFromLanguage
FNDA:3,extractPythonNames
FNDA:3,extractCSharpNames
FNDA:21,runFixNaming
FNDA:0,(anonymous_4)
FNDA:17,shouldSkipRename
FNDA:0,(anonymous_6)
FNDA:0,(anonymous_7)
FNDA:8,(anonymous_8)
FNDA:5,(anonymous_9)
DA:1,1
DA:2,1
DA:3,1
DA:4,1
DA:5,1
DA:14,1
DA:17,19
DA:18,19
DA:19,16
DA:20,3
DA:21,13
DA:25,3
DA:26,3
DA:27,3
DA:30,3
DA:31,2
DA:33,1
DA:36,1
DA:41,3
DA:42,3
DA:43,3
DA:47,3
DA:48,3
DA:49,3
DA:51,3
DA:52,1
DA:54,2
DA:56,1
DA:59,1
DA:64,21
DA:65,21
DA:67,21
DA:70,0
DA:75,21
DA:76,21
DA:78,21
DA:79,21
DA:80,21
DA:81,21
DA:82,21
DA:84,21
DA:85,2
DA:86,19
DA:87,2
DA:92,2
DA:93,2
DA:96,19
DA:97,19
DA:104,19
DA:106,19
DA:112,19
DA:118,19
DA:121,17
DA:137,17
DA:138,17
DA:139,17
DA:142,17
DA:143,1
DA:147,16
DA:150,19
DA:151,3
DA:152,3
DA:154,1
DA:155,2
DA:156,2
DA:161,2
DA:164,16
DA:165,3
DA:166,3
DA:168,1
DA:169,2
DA:170,2
DA:175,2
DA:180,13
DA:181,13
DA:186,2
DA:191,11
DA:193,11
DA:195,0
DA:196,0
DA:200,0
DA:201,0
DA:205,8
DA:206,8
DA:207,8
DA:212,7
DA:213,7
DA:214,7
DA:219,5
DA:220,5
DA:221,5
DA:222,5
DA:227,5
DA:228,5
DA:229,5
DA:236,13
DA:237,3
DA:242,10
DA:246,10
DA:247,10
DA:249,10
DA:250,10
DA:252,10
DA:253,5
DA:254,5
DA:255,9
DA:261,5
DA:264,5
DA:266,5
DA:273,5
DA:278,5
DA:279,1
DA:282,1
DA:285,4
DA:286,4
DA:287,4
DA:291,4
DA:292,4
DA:293,4
DA:294,4
DA:295,4
DA:299,0
DA:302,5
DA:303,7
DA:304,7
DA:309,7
DA:312,7
DA:314,7
DA:321,7
DA:327,7
DA:329,4
DA:334,4
DA:335,4
DA:336,4
DA:340,4
DA:341,4
DA:342,3
DA:343,3
DA:344,3
DA:346,1
DA:349,5
DA:352,9
DA:353,9
DA:354,9
DA:362,9
DA:363,9
DA:370,1
LF:147
LH:141
BRDA:16,0,0,0
BRDA:18,1,0,3
BRDA:18,1,1,16
BRDA:18,2,0,19
BRDA:18,2,1,16
BRDA:19,3,0,3
BRDA:19,3,1,13
BRDA:30,4,0,1
BRDA:30,4,1,2
BRDA:51,5,0,1
BRDA:51,5,1,2
BRDA:52,6,0,1
BRDA:52,6,1,0
BRDA:57,7,0,1
BRDA:57,7,1,0
BRDA:70,8,0,0
BRDA:70,8,1,0
BRDA:76,9,0,0
BRDA:76,9,1,21
BRDA:84,10,0,2
BRDA:84,10,1,19
BRDA:86,11,0,2
BRDA:86,11,1,17
BRDA:92,12,0,0
BRDA:92,12,1,2
BRDA:104,13,0,0
BRDA:104,13,1,19
BRDA:106,14,0,2
BRDA:106,14,1,17
BRDA:108,15,0,2
BRDA:108,15,1,15
BRDA:112,16,0,2
BRDA:112,16,1,17
BRDA:114,17,0,2
BRDA:114,17,1,15
BRDA:142,18,0,1
BRDA:142,18,1,16
BRDA:143,19,0,1
BRDA:143,19,1,1
BRDA:143,19,2,1
BRDA:147,20,0,16
BRDA:147,20,1,0
BRDA:147,20,2,0
BRDA:150,21,0,3
BRDA:150,21,1,16
BRDA:152,22,0,2
BRDA:152,22,1,1
BRDA:152,23,0,3
BRDA:152,23,1,3
BRDA:156,24,0,2
BRDA:156,24,1,0
BRDA:157,25,0,2
BRDA:157,25,1,2
BRDA:157,25,2,2
BRDA:164,26,0,3
BRDA:164,26,1,13
BRDA:164,27,0,16
BRDA:164,27,1,13
BRDA:166,28,0,2
BRDA:166,28,1,1
BRDA:166,29,0,3
BRDA:166,29,1,3
BRDA:170,30,0,2
BRDA:170,30,1,0
BRDA:171,31,0,2
BRDA:171,31,1,2
BRDA:171,31,2,2
BRDA:195,32,0,0
BRDA:195,32,1,0
BRDA:200,33,0,0
BRDA:200,33,1,0
BRDA:207,34,0,7
BRDA:207,34,1,1
BRDA:208,35,0,8
BRDA:208,35,1,8
BRDA:208,35,2,8
BRDA:213,36,0,7
BRDA:213,36,1,0
BRDA:220,37,0,0
BRDA:220,37,1,5
BRDA:222,38,0,5
BRDA:222,38,1,0
BRDA:223,39,0,5
BRDA:223,39,1,5
BRDA:223,39,2,5
BRDA:228,40,0,5
BRDA:228,40,1,0
BRDA:236,41,0,3
BRDA:236,41,1,10
BRDA:246,42,0,0
BRDA:246,42,1,10
BRDA:246,43,0,10
BRDA:246,43,1,10
BRDA:252,44,0,5
BRDA:252,44,1,5
BRDA:278,45,0,1
BRDA:278,45,1,4
BRDA:327,46,0,3
BRDA:327,46,1,4
BRDA:327,47,0,7
BRDA:327,47,1,4
BRDA:353,48,0,9
BRDA:353,48,1,0
BRDA:353,49,0,9
BRDA:353,49,1,3
BRDA:356,50,0,8
BRDA:356,50,1,1
BRDA:358,51,0,3
BRDA:358,51,1,6
BRF:109
BRH:87
end_of_record
TN:
SF:utils\namingUtils.js
FN:1,isCamelCase
FN:8,toCamelCase
FN:11,(anonymous_2)
FN:12,(anonymous_3)
FN:15,isPascalCase
FN:19,toPascalCase
FN:24,(anonymous_6)
FN:28,isSnakeCase
FN:32,toSnakeCase
FNF:9
FNH:8
FNDA:13,isCamelCase
FNDA:13,toCamelCase
FNDA:13,(anonymous_2)
FNDA:0,(anonymous_3)
FNDA:1,isPascalCase
FNDA:1,toPascalCase
FNDA:1,(anonymous_6)
FNDA:3,isSnakeCase
FNDA:3,toSnakeCase
DA:2,13
DA:9,13
DA:11,13
DA:12,0
DA:16,1
DA:20,1
DA:24,1
DA:29,3
DA:33,3
DA:40,1
LF:10
LH:9
BRDA:3,0,0,13
BRDA:3,0,1,0
BRDA:11,1,0,13
BRDA:11,1,1,0
BRDA:16,2,0,1
BRDA:16,2,1,0
BRF:6
BRH:3
end_of_record
