TN:
SF:features\lintErrors.js
FN:6,runLintErrors
FN:28,(anonymous_1)
FN:49,(anonymous_2)
FN:86,(anonymous_3)
FNF:4
FNH:4
FNDA:13,runLintErrors
FNDA:13,(anonymous_1)
FNDA:30,(anonymous_2)
FNDA:1,(anonymous_3)
DA:1,1
DA:2,1
DA:3,1
DA:4,1
DA:7,13
DA:8,13
DA:9,1
DA:12,12
DA:13,12
DA:15,12
DA:16,1
DA:17,11
DA:18,2
DA:23,2
DA:24,1
DA:27,10
DA:28,13
DA:29,1
DA:37,9
DA:38,9
DA:49,9
DA:50,30
DA:53,9
DA:54,3
DA:55,3
DA:56,2
DA:57,2
DA:58,1
DA:60,1
DA:65,9
DA:66,2
DA:71,7
DA:73,7
DA:74,7
DA:75,6
DA:77,6
DA:78,6
DA:79,3
DA:82,3
DA:83,3
DA:85,3
DA:87,1
DA:91,3
DA:92,3
DA:93,3
DA:94,3
DA:96,3
DA:103,3
DA:110,3
DA:111,3
DA:114,3
DA:115,3
DA:117,3
DA:118,1
DA:119,1
DA:123,1
DA:124,1
DA:125,1
DA:126,1
DA:128,2
DA:131,1
DA:135,1
LF:62
LH:62
BRDA:8,0,0,1
BRDA:8,0,1,12
BRDA:15,1,0,1
BRDA:15,1,1,11
BRDA:17,2,0,2
BRDA:17,2,1,9
BRDA:23,3,0,1
BRDA:23,3,1,1
BRDA:28,4,0,1
BRDA:28,4,1,9
BRDA:37,5,0,9
BRDA:37,5,1,0
BRDA:53,6,0,3
BRDA:53,6,1,6
BRDA:55,7,0,2
BRDA:55,7,1,1
BRDA:65,8,0,2
BRDA:65,8,1,7
BRDA:77,9,0,6
BRDA:77,9,1,2
BRDA:78,10,0,3
BRDA:78,10,1,3
BRDA:87,11,0,1
BRDA:87,11,1,1
BRDA:117,12,0,1
BRDA:117,12,1,2
BRDA:131,13,0,1
BRDA:131,13,1,0
BRF:28
BRH:26
end_of_record
